[ 2019-04-01T17:37:23+08:00 ][ info ] [ BEHAVIOR ] Run Closure @app_init [ RunTime:0.002387s ]
[ info ] [ LOG ] INIT File
[ 2019-04-01T17:37:23+08:00 ][ info ] [ CACHE ] INIT File
[ 2019-04-01T17:37:23+08:00 ][ info ] [ BEHAVIOR ] Run Closure @app_init [ RunTime:0.003226s ]
[ 2019-04-01T17:39:25+08:00 ][ info ] [ BEHAVIOR ] Run Closure @app_init [ RunTime:0.000053s ]
[ info ] [ LOG ] INIT File
[ 2019-04-01T17:39:25+08:00 ][ info ] [ CACHE ] INIT File
[ 2019-04-01T17:39:25+08:00 ][ info ] [ BEHAVIOR ] Run Closure @app_init [ RunTime:0.002447s ]
[ 2019-04-01T17:39:25+08:00 ][ info ] [ DB ] INIT mysql
[ 2019-04-01T17:39:25+08:00 ][ sql ] [ DB ] CONNECT:[ UseTime:0.004639s ] mysql:host=127.0.0.1;dbname=fastadmin;charset=utf8
[ 2019-04-01T17:39:25+08:00 ][ sql ] [ SQL ] SHOW TABLE STATUS LIKE 'test' [ RunTime:0.001495s ]
[ 2019-04-01T17:39:25+08:00 ][ sql ] [ SQL ] SHOW TABLE STATUS LIKE 'fa_test' [ RunTime:0.001475s ]
[ 2019-04-01T17:39:25+08:00 ][ sql ] [ SQL ] SELECT * FROM `information_schema`.`columns` WHERE TABLE_SCHEMA = 'fastadmin' AND table_name = 'fa_test' ORDER BY ORDINAL_POSITION [ RunTime:0.007014s ]
[ 2019-04-01T17:41:33+08:00 ][ info ] [ BEHAVIOR ] Run Closure @app_init [ RunTime:0.000041s ]
[ info ] [ LOG ] INIT File
[ 2019-04-01T17:41:33+08:00 ][ info ] [ CACHE ] INIT File
[ 2019-04-01T17:41:33+08:00 ][ info ] [ BEHAVIOR ] Run Closure @app_init [ RunTime:0.002586s ]
[ 2019-04-01T17:41:33+08:00 ][ info ] [ DB ] INIT mysql
[ 2019-04-01T17:41:33+08:00 ][ sql ] [ DB ] CONNECT:[ UseTime:0.000558s ] mysql:host=127.0.0.1;dbname=fastadmin;charset=utf8
[ 2019-04-01T17:41:33+08:00 ][ sql ] [ SQL ] SHOW TABLE STATUS LIKE 'picture' [ RunTime:0.000668s ]
[ 2019-04-01T17:41:33+08:00 ][ sql ] [ SQL ] SHOW TABLE STATUS LIKE 'fa_picture' [ RunTime:0.000760s ]
[ 2019-04-01T18:33:43+08:00 ][ info ] [ BEHAVIOR ] Run Closure @app_init [ RunTime:0.000034s ]
[ info ] [ LOG ] INIT File
[ 2019-04-01T18:33:43+08:00 ][ info ] [ CACHE ] INIT File
[ 2019-04-01T18:33:43+08:00 ][ info ] [ BEHAVIOR ] Run Closure @app_init [ RunTime:0.001724s ]
[ 2019-04-01T18:33:43+08:00 ][ info ] [ DB ] INIT mysql
[ 2019-04-01T18:33:43+08:00 ][ sql ] [ DB ] CONNECT:[ UseTime:0.000475s ] mysql:host=127.0.0.1;dbname=fastadmin;charset=utf8
[ 2019-04-01T18:33:43+08:00 ][ sql ] [ SQL ] SHOW TABLE STATUS LIKE 'pic' [ RunTime:0.000540s ]
[ 2019-04-01T18:33:43+08:00 ][ sql ] [ SQL ] SHOW TABLE STATUS LIKE 'fa_pic' [ RunTime:0.000528s ]
[ 2019-04-01T18:33:43+08:00 ][ sql ] [ SQL ] SELECT * FROM `information_schema`.`columns` WHERE TABLE_SCHEMA = 'fastadmin' AND table_name = 'fa_pic' ORDER BY ORDINAL_POSITION [ RunTime:0.002182s ]
[ 2019-04-01T18:33:50+08:00 ][ info ] [ BEHAVIOR ] Run Closure @app_init [ RunTime:0.000038s ]
[ info ] [ LOG ] INIT File
[ 2019-04-01T18:33:50+08:00 ][ info ] [ CACHE ] INIT File
[ 2019-04-01T18:33:50+08:00 ][ info ] [ BEHAVIOR ] Run Closure @app_init [ RunTime:0.003266s ]
[ 2019-04-01T18:33:50+08:00 ][ info ] [ DB ] INIT mysql
[ 2019-04-01T18:33:50+08:00 ][ info ] [ LANG ] /Applications/XAMPP/xamppfiles/htdocs/dashboard/nineteencongress/application/admin/lang/zh-cn.php
[ 2019-04-01T18:33:50+08:00 ][ sql ] [ DB ] CONNECT:[ UseTime:0.000502s ] mysql:host=127.0.0.1;dbname=fastadmin;charset=utf8
[ 2019-04-01T18:33:50+08:00 ][ sql ] [ SQL ] SHOW COLUMNS FROM `fa_auth_rule` [ RunTime:0.002839s ]
[ 2019-04-01T18:33:50+08:00 ][ sql ] [ SQL ] SELECT * FROM `fa_auth_rule` WHERE  `name` = 'pic' LIMIT 1 [ RunTime:0.000586s ]
[ 2019-04-01T18:33:50+08:00 ][ sql ] [ SQL ] SELECT `id` FROM `fa_auth_rule` WHERE  `name` = 'pic/index' LIMIT 1 [ RunTime:0.000403s ]
[ 2019-04-01T18:33:50+08:00 ][ sql ] [ SQL ] SELECT `id` FROM `fa_auth_rule` WHERE  `name` = 'pic/add' LIMIT 1 [ RunTime:0.000449s ]
[ 2019-04-01T18:33:50+08:00 ][ sql ] [ SQL ] SELECT `id` FROM `fa_auth_rule` WHERE  `name` = 'pic/edit' LIMIT 1 [ RunTime:0.000447s ]
[ 2019-04-01T18:33:50+08:00 ][ sql ] [ SQL ] SELECT `id` FROM `fa_auth_rule` WHERE  `name` = 'pic/del' LIMIT 1 [ RunTime:0.000398s ]
[ 2019-04-01T18:33:50+08:00 ][ sql ] [ SQL ] SELECT `id` FROM `fa_auth_rule` WHERE  `name` = 'pic/multi' LIMIT 1 [ RunTime:0.000422s ]
[ 2019-04-01T18:33:50+08:00 ][ sql ] [ SQL ] UPDATE `fa_auth_rule`  SET `pid`=126,`name`='pic/index',`icon`='fa fa-circle-o',`title`='查看',`ismenu`=0,`status`='normal',`updatetime`=1554114830  WHERE  `id` = 127 [ RunTime:0.000418s ]
[ 2019-04-01T18:33:50+08:00 ][ sql ] [ SQL ] UPDATE `fa_auth_rule`  SET `pid`=126,`name`='pic/add',`icon`='fa fa-circle-o',`title`='添加',`ismenu`=0,`status`='normal',`updatetime`=1554114830  WHERE  `id` = 128 [ RunTime:0.000378s ]
[ 2019-04-01T18:33:50+08:00 ][ sql ] [ SQL ] UPDATE `fa_auth_rule`  SET `pid`=126,`name`='pic/edit',`icon`='fa fa-circle-o',`title`='编辑',`ismenu`=0,`status`='normal',`updatetime`=1554114830  WHERE  `id` = 129 [ RunTime:0.000360s ]
[ 2019-04-01T18:33:50+08:00 ][ sql ] [ SQL ] UPDATE `fa_auth_rule`  SET `pid`=126,`name`='pic/del',`icon`='fa fa-circle-o',`title`='删除',`ismenu`=0,`status`='normal',`updatetime`=1554114830  WHERE  `id` = 130 [ RunTime:0.000345s ]
[ 2019-04-01T18:33:50+08:00 ][ sql ] [ SQL ] UPDATE `fa_auth_rule`  SET `pid`=126,`name`='pic/multi',`icon`='fa fa-circle-o',`title`='批量更新',`ismenu`=0,`status`='normal',`updatetime`=1554114830  WHERE  `id` = 131 [ RunTime:0.000341s ]
[ 2019-04-01T18:51:28+08:00 ][ info ] [ BEHAVIOR ] Run Closure @app_init [ RunTime:0.000041s ]
[ info ] [ LOG ] INIT File
[ 2019-04-01T18:51:28+08:00 ][ info ] [ CACHE ] INIT File
[ 2019-04-01T18:51:28+08:00 ][ info ] [ BEHAVIOR ] Run Closure @app_init [ RunTime:0.002819s ]
[ 2019-04-01T18:51:28+08:00 ][ info ] [ DB ] INIT mysql
[ 2019-04-01T18:51:28+08:00 ][ sql ] [ DB ] CONNECT:[ UseTime:0.000493s ] mysql:host=127.0.0.1;dbname=fastadmin;charset=utf8
[ 2019-04-01T18:51:28+08:00 ][ sql ] [ SQL ] SHOW COLUMNS FROM `fa_auth_rule` [ RunTime:0.002356s ]
[ 2019-04-01T18:51:28+08:00 ][ sql ] [ SQL ] SELECT * FROM `fa_auth_rule` WHERE  (  `name` LIKE 'picture%' ) [ RunTime:0.000447s ]
[ 2019-04-01T18:51:30+08:00 ][ sql ] [ SQL ] SELECT * FROM `fa_auth_rule` WHERE  `id` IN (120,122,124,123,121,125) [ RunTime:0.000738s ]
[ 2019-04-01T18:51:30+08:00 ][ sql ] [ SQL ] DELETE FROM `fa_auth_rule`    WHERE  `id` = 120 [ RunTime:0.005630s ]
[ 2019-04-01T18:51:30+08:00 ][ sql ] [ SQL ] DELETE FROM `fa_auth_rule`    WHERE  `id` = 121 [ RunTime:0.001176s ]
[ 2019-04-01T18:51:30+08:00 ][ sql ] [ SQL ] DELETE FROM `fa_auth_rule`    WHERE  `id` = 122 [ RunTime:0.001162s ]
[ 2019-04-01T18:51:30+08:00 ][ sql ] [ SQL ] DELETE FROM `fa_auth_rule`    WHERE  `id` = 123 [ RunTime:0.000745s ]
[ 2019-04-01T18:51:30+08:00 ][ sql ] [ SQL ] DELETE FROM `fa_auth_rule`    WHERE  `id` = 124 [ RunTime:0.000838s ]
[ 2019-04-01T18:51:30+08:00 ][ sql ] [ SQL ] DELETE FROM `fa_auth_rule`    WHERE  `id` = 125 [ RunTime:0.000769s ]
[ 2019-04-01T18:51:37+08:00 ][ info ] [ BEHAVIOR ] Run Closure @app_init [ RunTime:0.000037s ]
[ info ] [ LOG ] INIT File
[ 2019-04-01T18:51:37+08:00 ][ info ] [ CACHE ] INIT File
[ 2019-04-01T18:51:37+08:00 ][ info ] [ BEHAVIOR ] Run Closure @app_init [ RunTime:0.003325s ]
[ 2019-04-01T18:51:42+08:00 ][ info ] [ BEHAVIOR ] Run Closure @app_init [ RunTime:0.000036s ]
[ info ] [ LOG ] INIT File
[ 2019-04-01T18:51:42+08:00 ][ info ] [ CACHE ] INIT File
[ 2019-04-01T18:51:42+08:00 ][ info ] [ BEHAVIOR ] Run Closure @app_init [ RunTime:0.002962s ]
[ 2019-04-01T18:51:59+08:00 ][ info ] [ BEHAVIOR ] Run Closure @app_init [ RunTime:0.000039s ]
[ info ] [ LOG ] INIT File
[ 2019-04-01T18:51:59+08:00 ][ info ] [ CACHE ] INIT File
[ 2019-04-01T18:51:59+08:00 ][ info ] [ BEHAVIOR ] Run Closure @app_init [ RunTime:0.006623s ]
[ 2019-04-01T18:51:59+08:00 ][ info ] [ DB ] INIT mysql
[ 2019-04-01T18:51:59+08:00 ][ sql ] [ DB ] CONNECT:[ UseTime:0.000470s ] mysql:host=127.0.0.1;dbname=fastadmin;charset=utf8
[ 2019-04-01T18:51:59+08:00 ][ sql ] [ SQL ] SHOW TABLE STATUS LIKE 'picture' [ RunTime:0.000564s ]
[ 2019-04-01T18:51:59+08:00 ][ sql ] [ SQL ] SHOW TABLE STATUS LIKE 'fa_picture' [ RunTime:0.000486s ]
[ 2019-04-01T19:41:34+08:00 ][ info ] [ BEHAVIOR ] Run Closure @app_init [ RunTime:0.000038s ]
[ info ] [ LOG ] INIT File
[ 2019-04-01T19:41:34+08:00 ][ info ] [ CACHE ] INIT File
[ 2019-04-01T19:41:34+08:00 ][ info ] [ BEHAVIOR ] Run Closure @app_init [ RunTime:0.001348s ]
[ 2019-04-01T19:41:34+08:00 ][ info ] [ DB ] INIT mysql
[ 2019-04-01T19:41:34+08:00 ][ sql ] [ DB ] CONNECT:[ UseTime:0.000469s ] mysql:host=127.0.0.1;dbname=fastadmin;charset=utf8
[ 2019-04-01T19:41:34+08:00 ][ sql ] [ SQL ] SHOW COLUMNS FROM `fa_auth_rule` [ RunTime:0.002328s ]
[ 2019-04-01T19:41:34+08:00 ][ sql ] [ SQL ] SELECT * FROM `fa_auth_rule` WHERE  (  `name` LIKE 'pic%' ) [ RunTime:0.001501s ]
[ 2019-04-01T19:41:36+08:00 ][ sql ] [ SQL ] SELECT * FROM `fa_auth_rule` WHERE  `id` IN (126,128,130,129,127,131) [ RunTime:0.000788s ]
[ 2019-04-01T19:41:36+08:00 ][ sql ] [ SQL ] DELETE FROM `fa_auth_rule`    WHERE  `id` = 126 [ RunTime:0.006130s ]
[ 2019-04-01T19:41:36+08:00 ][ sql ] [ SQL ] DELETE FROM `fa_auth_rule`    WHERE  `id` = 127 [ RunTime:0.000813s ]
[ 2019-04-01T19:41:36+08:00 ][ sql ] [ SQL ] DELETE FROM `fa_auth_rule`    WHERE  `id` = 128 [ RunTime:0.000649s ]
[ 2019-04-01T19:41:36+08:00 ][ sql ] [ SQL ] DELETE FROM `fa_auth_rule`    WHERE  `id` = 129 [ RunTime:0.000652s ]
[ 2019-04-01T19:41:36+08:00 ][ sql ] [ SQL ] DELETE FROM `fa_auth_rule`    WHERE  `id` = 130 [ RunTime:0.000941s ]
[ 2019-04-01T19:41:36+08:00 ][ sql ] [ SQL ] DELETE FROM `fa_auth_rule`    WHERE  `id` = 131 [ RunTime:0.000694s ]
[ 2019-04-01T19:41:45+08:00 ][ info ] [ BEHAVIOR ] Run Closure @app_init [ RunTime:0.000040s ]
[ info ] [ LOG ] INIT File
[ 2019-04-01T19:41:45+08:00 ][ info ] [ CACHE ] INIT File
[ 2019-04-01T19:41:45+08:00 ][ info ] [ BEHAVIOR ] Run Closure @app_init [ RunTime:0.003293s ]
[ 2019-04-01T19:42:15+08:00 ][ info ] [ BEHAVIOR ] Run Closure @app_init [ RunTime:0.000042s ]
[ info ] [ LOG ] INIT File
[ 2019-04-01T19:42:15+08:00 ][ info ] [ CACHE ] INIT File
[ 2019-04-01T19:42:15+08:00 ][ info ] [ BEHAVIOR ] Run Closure @app_init [ RunTime:0.003175s ]
[ 2019-04-01T19:42:15+08:00 ][ info ] [ DB ] INIT mysql
[ 2019-04-01T19:42:15+08:00 ][ sql ] [ DB ] CONNECT:[ UseTime:0.000483s ] mysql:host=127.0.0.1;dbname=fastadmin;charset=utf8
[ 2019-04-01T19:42:15+08:00 ][ sql ] [ SQL ] SHOW TABLE STATUS LIKE 'pic' [ RunTime:0.000552s ]
[ 2019-04-01T19:42:15+08:00 ][ sql ] [ SQL ] SHOW TABLE STATUS LIKE 'fa_pic' [ RunTime:0.000532s ]
[ 2019-04-01T19:42:21+08:00 ][ info ] [ BEHAVIOR ] Run Closure @app_init [ RunTime:0.000041s ]
[ info ] [ LOG ] INIT File
[ 2019-04-01T19:42:21+08:00 ][ info ] [ CACHE ] INIT File
[ 2019-04-01T19:42:21+08:00 ][ info ] [ BEHAVIOR ] Run Closure @app_init [ RunTime:0.003153s ]
[ 2019-04-01T19:42:21+08:00 ][ info ] [ DB ] INIT mysql
[ 2019-04-01T19:42:21+08:00 ][ sql ] [ DB ] CONNECT:[ UseTime:0.000463s ] mysql:host=127.0.0.1;dbname=fastadmin;charset=utf8
[ 2019-04-01T19:42:21+08:00 ][ sql ] [ SQL ] SHOW TABLE STATUS LIKE 'pic' [ RunTime:0.000554s ]
[ 2019-04-01T19:42:21+08:00 ][ sql ] [ SQL ] SHOW TABLE STATUS LIKE 'fa_pic' [ RunTime:0.000538s ]
[ 2019-04-01T19:42:26+08:00 ][ info ] [ BEHAVIOR ] Run Closure @app_init [ RunTime:0.000083s ]
[ info ] [ LOG ] INIT File
[ 2019-04-01T19:42:26+08:00 ][ info ] [ CACHE ] INIT File
[ 2019-04-01T19:42:26+08:00 ][ info ] [ BEHAVIOR ] Run Closure @app_init [ RunTime:0.002940s ]
[ 2019-04-01T19:42:26+08:00 ][ info ] [ DB ] INIT mysql
[ 2019-04-01T19:42:26+08:00 ][ sql ] [ DB ] CONNECT:[ UseTime:0.000505s ] mysql:host=127.0.0.1;dbname=fastadmin;charset=utf8
[ 2019-04-01T19:42:26+08:00 ][ sql ] [ SQL ] SHOW TABLE STATUS LIKE 'pic' [ RunTime:0.000641s ]
[ 2019-04-01T19:42:26+08:00 ][ sql ] [ SQL ] SHOW TABLE STATUS LIKE 'fa_pic' [ RunTime:0.000615s ]
[ 2019-04-01T19:42:26+08:00 ][ sql ] [ SQL ] SELECT * FROM `information_schema`.`columns` WHERE TABLE_SCHEMA = 'fastadmin' AND table_name = 'fa_pic' ORDER BY ORDINAL_POSITION [ RunTime:0.002435s ]
[ 2019-04-01T19:42:36+08:00 ][ info ] [ BEHAVIOR ] Run Closure @app_init [ RunTime:0.000061s ]
[ info ] [ LOG ] INIT File
[ 2019-04-01T19:42:36+08:00 ][ info ] [ CACHE ] INIT File
[ 2019-04-01T19:42:36+08:00 ][ info ] [ BEHAVIOR ] Run Closure @app_init [ RunTime:0.007283s ]
[ 2019-04-01T19:42:36+08:00 ][ info ] [ DB ] INIT mysql
[ 2019-04-01T19:42:36+08:00 ][ info ] [ LANG ] /Applications/XAMPP/xamppfiles/htdocs/dashboard/nineteencongress/application/admin/lang/zh-cn.php
[ 2019-04-01T19:42:36+08:00 ][ sql ] [ DB ] CONNECT:[ UseTime:0.000503s ] mysql:host=127.0.0.1;dbname=fastadmin;charset=utf8
[ 2019-04-01T19:42:36+08:00 ][ sql ] [ SQL ] SHOW COLUMNS FROM `fa_auth_rule` [ RunTime:0.002643s ]
[ 2019-04-01T19:42:36+08:00 ][ sql ] [ SQL ] SELECT * FROM `fa_auth_rule` WHERE  `name` = 'pic' LIMIT 1 [ RunTime:0.000451s ]
[ 2019-04-01T19:42:36+08:00 ][ sql ] [ SQL ] INSERT INTO `fa_auth_rule` (`pid` , `name` , `title` , `icon` , `remark` , `ismenu` , `status` , `createtime` , `updatetime`) VALUES (0 , 'pic' , 'Pic' , 'fa fa-circle-o' , '' , 1 , 'normal' , 1554118956 , 1554118956) [ RunTime:0.000613s ]
[ 2019-04-01T19:42:36+08:00 ][ sql ] [ SQL ] SELECT `id` FROM `fa_auth_rule` WHERE  `name` = 'pic/index' LIMIT 1 [ RunTime:0.000361s ]
[ 2019-04-01T19:42:36+08:00 ][ sql ] [ SQL ] SELECT `id` FROM `fa_auth_rule` WHERE  `name` = 'pic/add' LIMIT 1 [ RunTime:0.000337s ]
[ 2019-04-01T19:42:36+08:00 ][ sql ] [ SQL ] SELECT `id` FROM `fa_auth_rule` WHERE  `name` = 'pic/edit' LIMIT 1 [ RunTime:0.000305s ]
[ 2019-04-01T19:42:36+08:00 ][ sql ] [ SQL ] SELECT `id` FROM `fa_auth_rule` WHERE  `name` = 'pic/del' LIMIT 1 [ RunTime:0.000407s ]
[ 2019-04-01T19:42:36+08:00 ][ sql ] [ SQL ] SELECT `id` FROM `fa_auth_rule` WHERE  `name` = 'pic/multi' LIMIT 1 [ RunTime:0.000411s ]
[ 2019-04-01T19:42:36+08:00 ][ sql ] [ SQL ] INSERT INTO `fa_auth_rule` (`id` , `pid` , `name` , `icon` , `title` , `ismenu` , `status` , `createtime` , `updatetime`) VALUES (NULL , 132 , 'pic/index' , 'fa fa-circle-o' , '查看' , 0 , 'normal' , 1554118956 , 1554118956) [ RunTime:0.000348s ]
[ 2019-04-01T19:42:36+08:00 ][ sql ] [ SQL ] INSERT INTO `fa_auth_rule` (`id` , `pid` , `name` , `icon` , `title` , `ismenu` , `status` , `createtime` , `updatetime`) VALUES (NULL , 132 , 'pic/add' , 'fa fa-circle-o' , '添加' , 0 , 'normal' , 1554118956 , 1554118956) [ RunTime:0.000271s ]
[ 2019-04-01T19:42:36+08:00 ][ sql ] [ SQL ] INSERT INTO `fa_auth_rule` (`id` , `pid` , `name` , `icon` , `title` , `ismenu` , `status` , `createtime` , `updatetime`) VALUES (NULL , 132 , 'pic/edit' , 'fa fa-circle-o' , '编辑' , 0 , 'normal' , 1554118956 , 1554118956) [ RunTime:0.000283s ]
[ 2019-04-01T19:42:36+08:00 ][ sql ] [ SQL ] INSERT INTO `fa_auth_rule` (`id` , `pid` , `name` , `icon` , `title` , `ismenu` , `status` , `createtime` , `updatetime`) VALUES (NULL , 132 , 'pic/del' , 'fa fa-circle-o' , '删除' , 0 , 'normal' , 1554118956 , 1554118956) [ RunTime:0.000227s ]
[ 2019-04-01T19:42:36+08:00 ][ sql ] [ SQL ] INSERT INTO `fa_auth_rule` (`id` , `pid` , `name` , `icon` , `title` , `ismenu` , `status` , `createtime` , `updatetime`) VALUES (NULL , 132 , 'pic/multi' , 'fa fa-circle-o' , '批量更新' , 0 , 'normal' , 1554118956 , 1554118956) [ RunTime:0.000291s ]
