---------------------------------------------------------------
[ 2019-01-23T00:04:11+08:00 ] 0.0.0.0 POST localhost/dashboard/fastadmin/public/admin/article/test
[运行时间：0.061473s] [吞吐率：16.27req/s] [内存消耗：3,443.62kb] [文件加载：76]
[ info ] [ BEHAVIOR ] Run Closure @app_init [ RunTime:0.000031s ]
[ info ] [ CACHE ] INIT File
[ info ] [ BEHAVIOR ] Run Closure @app_init [ RunTime:0.002474s ]
[ info ] [ LANG ] /Applications/XAMPP/xamppfiles/htdocs/dashboard/fastadmin/thinkphp/lang/zh-cn.php
[ info ] [ ROUTE ] array (
  'type' => 'module',
  'module' => 
  array (
    0 => 'admin',
    1 => 'article',
    2 => 'test',
  ),
)
[ info ] [ HEADER ] array (
  'content-type' => 'multipart/form-data; boundary=--------------------------299562016988500652013258',
  'cache-control' => 'no-cache',
  'postman-token' => '91db7f29-9cc4-4d44-9549-b3d8b569f2a1',
  'user-agent' => 'PostmanRuntime/7.6.0',
  'accept' => '*/*',
  'host' => 'localhost',
  'cookie' => 'PHPSESSID=4511nvufsak5jkbd7gj7e45ok2',
  'accept-encoding' => 'gzip, deflate',
  'content-length' => '232',
  'connection' => 'keep-alive',
)
[ info ] [ PARAM ] array (
  'url' => 'https://news.uestc.edu.cn/?n=UestcNews.Front.Document.ArticlePage&Id=63640',
)
[ info ] [ LANG ] /Applications/XAMPP/xamppfiles/htdocs/dashboard/fastadmin/public/../application/admin/lang/zh-cn.php
[ info ] [ BEHAVIOR ] Run app\common\behavior\Common @module_init [ RunTime:0.002006s ]
[ info ] [ SESSION ] INIT array (
  'id' => '',
  'var_session_id' => '',
  'prefix' => 'think',
  'type' => '',
  'auto_start' => true,
)
[ info ] [ DB ] INIT mysql
[ info ] [ RUN ] app\admin\controller\Article->test[ /Applications/XAMPP/xamppfiles/htdocs/dashboard/fastadmin/application/admin/controller/Article.php ]
[ info ] [ LOG ] INIT File
[ error ] [0]致命错误: Class 'guzzlehttp\guzzle' not found[/Applications/XAMPP/xamppfiles/htdocs/dashboard/fastadmin/application/admin/model/Article.php:49]
---------------------------------------------------------------
[ 2019-01-23T00:04:48+08:00 ] 0.0.0.0 POST localhost/dashboard/fastadmin/public/admin/article/test
[运行时间：0.035491s] [吞吐率：28.18req/s] [内存消耗：3,443.70kb] [文件加载：76]
[ info ] [ BEHAVIOR ] Run Closure @app_init [ RunTime:0.000033s ]
[ info ] [ CACHE ] INIT File
[ info ] [ BEHAVIOR ] Run Closure @app_init [ RunTime:0.001125s ]
[ info ] [ LANG ] /Applications/XAMPP/xamppfiles/htdocs/dashboard/fastadmin/thinkphp/lang/zh-cn.php
[ info ] [ ROUTE ] array (
  'type' => 'module',
  'module' => 
  array (
    0 => 'admin',
    1 => 'article',
    2 => 'test',
  ),
)
[ info ] [ HEADER ] array (
  'content-type' => 'multipart/form-data; boundary=--------------------------894928878105340161753849',
  'cache-control' => 'no-cache',
  'postman-token' => 'efc4313e-b159-47f1-93c9-ec95f114d43e',
  'user-agent' => 'PostmanRuntime/7.6.0',
  'accept' => '*/*',
  'host' => 'localhost',
  'cookie' => 'PHPSESSID=4511nvufsak5jkbd7gj7e45ok2',
  'accept-encoding' => 'gzip, deflate',
  'content-length' => '232',
  'connection' => 'keep-alive',
)
[ info ] [ PARAM ] array (
  'url' => 'https://news.uestc.edu.cn/?n=UestcNews.Front.Document.ArticlePage&Id=63640',
)
[ info ] [ LANG ] /Applications/XAMPP/xamppfiles/htdocs/dashboard/fastadmin/public/../application/admin/lang/zh-cn.php
[ info ] [ BEHAVIOR ] Run app\common\behavior\Common @module_init [ RunTime:0.001250s ]
[ info ] [ SESSION ] INIT array (
  'id' => '',
  'var_session_id' => '',
  'prefix' => 'think',
  'type' => '',
  'auto_start' => true,
)
[ info ] [ DB ] INIT mysql
[ info ] [ RUN ] app\admin\controller\Article->test[ /Applications/XAMPP/xamppfiles/htdocs/dashboard/fastadmin/application/admin/controller/Article.php ]
[ info ] [ LOG ] INIT File
[ error ] [0]致命错误: Class 'guzzlehttp\guzzle\Cilent' not found[/Applications/XAMPP/xamppfiles/htdocs/dashboard/fastadmin/application/admin/model/Article.php:49]
---------------------------------------------------------------
[ 2019-01-23T00:07:06+08:00 ] 0.0.0.0 POST localhost/dashboard/fastadmin/public/admin/article/test
[运行时间：0.038167s] [吞吐率：26.20req/s] [内存消耗：3,443.91kb] [文件加载：76]
[ info ] [ BEHAVIOR ] Run Closure @app_init [ RunTime:0.000020s ]
[ info ] [ CACHE ] INIT File
[ info ] [ BEHAVIOR ] Run Closure @app_init [ RunTime:0.001352s ]
[ info ] [ LANG ] /Applications/XAMPP/xamppfiles/htdocs/dashboard/fastadmin/thinkphp/lang/zh-cn.php
[ info ] [ ROUTE ] array (
  'type' => 'module',
  'module' => 
  array (
    0 => 'admin',
    1 => 'article',
    2 => 'test',
  ),
)
[ info ] [ HEADER ] array (
  'content-type' => 'multipart/form-data; boundary=--------------------------774581900187550376136772',
  'cache-control' => 'no-cache',
  'postman-token' => '38ca6f51-b80a-4dce-8edc-4a3d0c5492f5',
  'user-agent' => 'PostmanRuntime/7.6.0',
  'accept' => '*/*',
  'host' => 'localhost',
  'cookie' => 'PHPSESSID=4511nvufsak5jkbd7gj7e45ok2',
  'accept-encoding' => 'gzip, deflate',
  'content-length' => '232',
  'connection' => 'keep-alive',
)
[ info ] [ PARAM ] array (
  'url' => 'https://news.uestc.edu.cn/?n=UestcNews.Front.Document.ArticlePage&Id=63640',
)
[ info ] [ LANG ] /Applications/XAMPP/xamppfiles/htdocs/dashboard/fastadmin/public/../application/admin/lang/zh-cn.php
[ info ] [ BEHAVIOR ] Run app\common\behavior\Common @module_init [ RunTime:0.001817s ]
[ info ] [ SESSION ] INIT array (
  'id' => '',
  'var_session_id' => '',
  'prefix' => 'think',
  'type' => '',
  'auto_start' => true,
)
[ info ] [ DB ] INIT mysql
[ info ] [ RUN ] app\admin\controller\Article->test[ /Applications/XAMPP/xamppfiles/htdocs/dashboard/fastadmin/application/admin/controller/Article.php ]
[ info ] [ LOG ] INIT File
[ error ] [0]致命错误: Class 'app\admin\model\Cilent' not found[/Applications/XAMPP/xamppfiles/htdocs/dashboard/fastadmin/application/admin/model/Article.php:50]
---------------------------------------------------------------
[ 2019-01-23T00:07:06+08:00 ] 0.0.0.0 POST localhost/dashboard/fastadmin/public/admin/article/test
[运行时间：0.029187s] [吞吐率：34.26req/s] [内存消耗：3,443.91kb] [文件加载：76]
[ info ] [ BEHAVIOR ] Run Closure @app_init [ RunTime:0.000019s ]
[ info ] [ CACHE ] INIT File
[ info ] [ BEHAVIOR ] Run Closure @app_init [ RunTime:0.000885s ]
[ info ] [ LANG ] /Applications/XAMPP/xamppfiles/htdocs/dashboard/fastadmin/thinkphp/lang/zh-cn.php
[ info ] [ ROUTE ] array (
  'type' => 'module',
  'module' => 
  array (
    0 => 'admin',
    1 => 'article',
    2 => 'test',
  ),
)
[ info ] [ HEADER ] array (
  'content-type' => 'multipart/form-data; boundary=--------------------------468826426243582642814180',
  'cache-control' => 'no-cache',
  'postman-token' => '5aae8219-a019-47ab-9de3-c6e05b7c2ded',
  'user-agent' => 'PostmanRuntime/7.6.0',
  'accept' => '*/*',
  'host' => 'localhost',
  'cookie' => 'PHPSESSID=4511nvufsak5jkbd7gj7e45ok2',
  'accept-encoding' => 'gzip, deflate',
  'content-length' => '232',
  'connection' => 'keep-alive',
)
[ info ] [ PARAM ] array (
  'url' => 'https://news.uestc.edu.cn/?n=UestcNews.Front.Document.ArticlePage&Id=63640',
)
[ info ] [ LANG ] /Applications/XAMPP/xamppfiles/htdocs/dashboard/fastadmin/public/../application/admin/lang/zh-cn.php
[ info ] [ BEHAVIOR ] Run app\common\behavior\Common @module_init [ RunTime:0.001045s ]
[ info ] [ SESSION ] INIT array (
  'id' => '',
  'var_session_id' => '',
  'prefix' => 'think',
  'type' => '',
  'auto_start' => true,
)
[ info ] [ DB ] INIT mysql
[ info ] [ RUN ] app\admin\controller\Article->test[ /Applications/XAMPP/xamppfiles/htdocs/dashboard/fastadmin/application/admin/controller/Article.php ]
[ info ] [ LOG ] INIT File
[ error ] [0]致命错误: Class 'app\admin\model\Cilent' not found[/Applications/XAMPP/xamppfiles/htdocs/dashboard/fastadmin/application/admin/model/Article.php:50]
---------------------------------------------------------------
[ 2019-01-23T00:07:20+08:00 ] 0.0.0.0 POST localhost/dashboard/fastadmin/public/admin/article/test
[运行时间：0.034657s] [吞吐率：28.85req/s] [内存消耗：3,443.88kb] [文件加载：76]
[ info ] [ BEHAVIOR ] Run Closure @app_init [ RunTime:0.000031s ]
[ info ] [ CACHE ] INIT File
[ info ] [ BEHAVIOR ] Run Closure @app_init [ RunTime:0.001204s ]
[ info ] [ LANG ] /Applications/XAMPP/xamppfiles/htdocs/dashboard/fastadmin/thinkphp/lang/zh-cn.php
[ info ] [ ROUTE ] array (
  'type' => 'module',
  'module' => 
  array (
    0 => 'admin',
    1 => 'article',
    2 => 'test',
  ),
)
[ info ] [ HEADER ] array (
  'content-type' => 'multipart/form-data; boundary=--------------------------045186923239871946432996',
  'cache-control' => 'no-cache',
  'postman-token' => 'f4861560-3b67-466e-a797-3cd967d4a6b5',
  'user-agent' => 'PostmanRuntime/7.6.0',
  'accept' => '*/*',
  'host' => 'localhost',
  'cookie' => 'PHPSESSID=4511nvufsak5jkbd7gj7e45ok2',
  'accept-encoding' => 'gzip, deflate',
  'content-length' => '232',
  'connection' => 'keep-alive',
)
[ info ] [ PARAM ] array (
  'url' => 'https://news.uestc.edu.cn/?n=UestcNews.Front.Document.ArticlePage&Id=63640',
)
[ info ] [ LANG ] /Applications/XAMPP/xamppfiles/htdocs/dashboard/fastadmin/public/../application/admin/lang/zh-cn.php
[ info ] [ BEHAVIOR ] Run app\common\behavior\Common @module_init [ RunTime:0.001836s ]
[ info ] [ SESSION ] INIT array (
  'id' => '',
  'var_session_id' => '',
  'prefix' => 'think',
  'type' => '',
  'auto_start' => true,
)
[ info ] [ DB ] INIT mysql
[ info ] [ RUN ] app\admin\controller\Article->test[ /Applications/XAMPP/xamppfiles/htdocs/dashboard/fastadmin/application/admin/controller/Article.php ]
[ info ] [ LOG ] INIT File
[ error ] [0]致命错误: Class 'Cilent' not found[/Applications/XAMPP/xamppfiles/htdocs/dashboard/fastadmin/application/admin/model/Article.php:50]
---------------------------------------------------------------
[ 2019-01-23T00:07:36+08:00 ] 0.0.0.0 POST localhost/dashboard/fastadmin/public/admin/article/test
[运行时间：0.039487s] [吞吐率：25.32req/s] [内存消耗：3,443.70kb] [文件加载：76]
[ info ] [ BEHAVIOR ] Run Closure @app_init [ RunTime:0.000071s ]
[ info ] [ CACHE ] INIT File
[ info ] [ BEHAVIOR ] Run Closure @app_init [ RunTime:0.000945s ]
[ info ] [ LANG ] /Applications/XAMPP/xamppfiles/htdocs/dashboard/fastadmin/thinkphp/lang/zh-cn.php
[ info ] [ ROUTE ] array (
  'type' => 'module',
  'module' => 
  array (
    0 => 'admin',
    1 => 'article',
    2 => 'test',
  ),
)
[ info ] [ HEADER ] array (
  'content-type' => 'multipart/form-data; boundary=--------------------------142365313595085878223155',
  'cache-control' => 'no-cache',
  'postman-token' => '94060e0c-d020-492e-bd27-945e03b8b475',
  'user-agent' => 'PostmanRuntime/7.6.0',
  'accept' => '*/*',
  'host' => 'localhost',
  'cookie' => 'PHPSESSID=4511nvufsak5jkbd7gj7e45ok2',
  'accept-encoding' => 'gzip, deflate',
  'content-length' => '232',
  'connection' => 'keep-alive',
)
[ info ] [ PARAM ] array (
  'url' => 'https://news.uestc.edu.cn/?n=UestcNews.Front.Document.ArticlePage&Id=63640',
)
[ info ] [ LANG ] /Applications/XAMPP/xamppfiles/htdocs/dashboard/fastadmin/public/../application/admin/lang/zh-cn.php
[ info ] [ BEHAVIOR ] Run app\common\behavior\Common @module_init [ RunTime:0.001208s ]
[ info ] [ SESSION ] INIT array (
  'id' => '',
  'var_session_id' => '',
  'prefix' => 'think',
  'type' => '',
  'auto_start' => true,
)
[ info ] [ DB ] INIT mysql
[ info ] [ RUN ] app\admin\controller\Article->test[ /Applications/XAMPP/xamppfiles/htdocs/dashboard/fastadmin/application/admin/controller/Article.php ]
[ info ] [ LOG ] INIT File
[ error ] [0]致命错误: Class 'guzzlehttp\guzzle\Cilent' not found[/Applications/XAMPP/xamppfiles/htdocs/dashboard/fastadmin/application/admin/model/Article.php:50]
---------------------------------------------------------------
[ 2019-01-23T00:07:40+08:00 ] 0.0.0.0 POST localhost/dashboard/fastadmin/public/admin/article/test
[运行时间：0.038559s] [吞吐率：25.93req/s] [内存消耗：3,443.80kb] [文件加载：76]
[ info ] [ BEHAVIOR ] Run Closure @app_init [ RunTime:0.000040s ]
[ info ] [ CACHE ] INIT File
[ info ] [ BEHAVIOR ] Run Closure @app_init [ RunTime:0.000920s ]
[ info ] [ LANG ] /Applications/XAMPP/xamppfiles/htdocs/dashboard/fastadmin/thinkphp/lang/zh-cn.php
[ info ] [ ROUTE ] array (
  'type' => 'module',
  'module' => 
  array (
    0 => 'admin',
    1 => 'article',
    2 => 'test',
  ),
)
[ info ] [ HEADER ] array (
  'content-type' => 'multipart/form-data; boundary=--------------------------751601681508745002612761',
  'cache-control' => 'no-cache',
  'postman-token' => '6744dbcd-d143-49fc-8c7e-be614e6e90d6',
  'user-agent' => 'PostmanRuntime/7.6.0',
  'accept' => '*/*',
  'host' => 'localhost',
  'cookie' => 'PHPSESSID=4511nvufsak5jkbd7gj7e45ok2',
  'accept-encoding' => 'gzip, deflate',
  'content-length' => '232',
  'connection' => 'keep-alive',
)
[ info ] [ PARAM ] array (
  'url' => 'https://news.uestc.edu.cn/?n=UestcNews.Front.Document.ArticlePage&Id=63640',
)
[ info ] [ LANG ] /Applications/XAMPP/xamppfiles/htdocs/dashboard/fastadmin/public/../application/admin/lang/zh-cn.php
[ info ] [ BEHAVIOR ] Run app\common\behavior\Common @module_init [ RunTime:0.001228s ]
[ info ] [ SESSION ] INIT array (
  'id' => '',
  'var_session_id' => '',
  'prefix' => 'think',
  'type' => '',
  'auto_start' => true,
)
[ info ] [ DB ] INIT mysql
[ info ] [ RUN ] app\admin\controller\Article->test[ /Applications/XAMPP/xamppfiles/htdocs/dashboard/fastadmin/application/admin/controller/Article.php ]
[ info ] [ LOG ] INIT File
[ error ] [0]致命错误: Class 'app\admin\model\guzzlehttp\guzzle\Cilent' not found[/Applications/XAMPP/xamppfiles/htdocs/dashboard/fastadmin/application/admin/model/Article.php:50]
---------------------------------------------------------------
[ 2019-01-23T00:07:45+08:00 ] 0.0.0.0 POST localhost/dashboard/fastadmin/public/admin/article/test
[运行时间：0.042795s] [吞吐率：23.37req/s] [内存消耗：3,443.70kb] [文件加载：76]
[ info ] [ BEHAVIOR ] Run Closure @app_init [ RunTime:0.000018s ]
[ info ] [ CACHE ] INIT File
[ info ] [ BEHAVIOR ] Run Closure @app_init [ RunTime:0.001030s ]
[ info ] [ LANG ] /Applications/XAMPP/xamppfiles/htdocs/dashboard/fastadmin/thinkphp/lang/zh-cn.php
[ info ] [ ROUTE ] array (
  'type' => 'module',
  'module' => 
  array (
    0 => 'admin',
    1 => 'article',
    2 => 'test',
  ),
)
[ info ] [ HEADER ] array (
  'content-type' => 'multipart/form-data; boundary=--------------------------520579507683609585531317',
  'cache-control' => 'no-cache',
  'postman-token' => '1d4ccfd8-0c31-4585-9f52-d54ec2d81686',
  'user-agent' => 'PostmanRuntime/7.6.0',
  'accept' => '*/*',
  'host' => 'localhost',
  'cookie' => 'PHPSESSID=4511nvufsak5jkbd7gj7e45ok2',
  'accept-encoding' => 'gzip, deflate',
  'content-length' => '232',
  'connection' => 'keep-alive',
)
[ info ] [ PARAM ] array (
  'url' => 'https://news.uestc.edu.cn/?n=UestcNews.Front.Document.ArticlePage&Id=63640',
)
[ info ] [ LANG ] /Applications/XAMPP/xamppfiles/htdocs/dashboard/fastadmin/public/../application/admin/lang/zh-cn.php
[ info ] [ BEHAVIOR ] Run app\common\behavior\Common @module_init [ RunTime:0.004258s ]
[ info ] [ SESSION ] INIT array (
  'id' => '',
  'var_session_id' => '',
  'prefix' => 'think',
  'type' => '',
  'auto_start' => true,
)
[ info ] [ DB ] INIT mysql
[ info ] [ RUN ] app\admin\controller\Article->test[ /Applications/XAMPP/xamppfiles/htdocs/dashboard/fastadmin/application/admin/controller/Article.php ]
[ info ] [ LOG ] INIT File
[ error ] [0]致命错误: Class 'guzzlehttp\guzzle\Cilent' not found[/Applications/XAMPP/xamppfiles/htdocs/dashboard/fastadmin/application/admin/model/Article.php:50]
---------------------------------------------------------------
[ 2019-01-23T00:09:04+08:00 ] 0.0.0.0 POST localhost/dashboard/fastadmin/public/admin/article/test
[运行时间：0.034862s] [吞吐率：28.68req/s] [内存消耗：3,443.88kb] [文件加载：76]
[ info ] [ BEHAVIOR ] Run Closure @app_init [ RunTime:0.000031s ]
[ info ] [ CACHE ] INIT File
[ info ] [ BEHAVIOR ] Run Closure @app_init [ RunTime:0.001375s ]
[ info ] [ LANG ] /Applications/XAMPP/xamppfiles/htdocs/dashboard/fastadmin/thinkphp/lang/zh-cn.php
[ info ] [ ROUTE ] array (
  'type' => 'module',
  'module' => 
  array (
    0 => 'admin',
    1 => 'article',
    2 => 'test',
  ),
)
[ info ] [ HEADER ] array (
  'content-type' => 'multipart/form-data; boundary=--------------------------611513062004545698037074',
  'cache-control' => 'no-cache',
  'postman-token' => '31c1d940-f493-471d-9ff8-5f1b44dca179',
  'user-agent' => 'PostmanRuntime/7.6.0',
  'accept' => '*/*',
  'host' => 'localhost',
  'cookie' => 'PHPSESSID=4511nvufsak5jkbd7gj7e45ok2',
  'accept-encoding' => 'gzip, deflate',
  'content-length' => '232',
  'connection' => 'keep-alive',
)
[ info ] [ PARAM ] array (
  'url' => 'https://news.uestc.edu.cn/?n=UestcNews.Front.Document.ArticlePage&Id=63640',
)
[ info ] [ LANG ] /Applications/XAMPP/xamppfiles/htdocs/dashboard/fastadmin/public/../application/admin/lang/zh-cn.php
[ info ] [ BEHAVIOR ] Run app\common\behavior\Common @module_init [ RunTime:0.001163s ]
[ info ] [ SESSION ] INIT array (
  'id' => '',
  'var_session_id' => '',
  'prefix' => 'think',
  'type' => '',
  'auto_start' => true,
)
[ info ] [ DB ] INIT mysql
[ info ] [ RUN ] app\admin\controller\Article->test[ /Applications/XAMPP/xamppfiles/htdocs/dashboard/fastadmin/application/admin/controller/Article.php ]
[ info ] [ LOG ] INIT File
[ error ] [0]致命错误: Class 'guzzle\Cilent' not found[/Applications/XAMPP/xamppfiles/htdocs/dashboard/fastadmin/application/admin/model/Article.php:50]
---------------------------------------------------------------
[ 2019-01-23T00:09:10+08:00 ] 0.0.0.0 POST localhost/dashboard/fastadmin/public/admin/article/test
[运行时间：0.038128s] [吞吐率：26.23req/s] [内存消耗：3,443.90kb] [文件加载：76]
[ info ] [ BEHAVIOR ] Run Closure @app_init [ RunTime:0.000019s ]
[ info ] [ CACHE ] INIT File
[ info ] [ BEHAVIOR ] Run Closure @app_init [ RunTime:0.000997s ]
[ info ] [ LANG ] /Applications/XAMPP/xamppfiles/htdocs/dashboard/fastadmin/thinkphp/lang/zh-cn.php
[ info ] [ ROUTE ] array (
  'type' => 'module',
  'module' => 
  array (
    0 => 'admin',
    1 => 'article',
    2 => 'test',
  ),
)
[ info ] [ HEADER ] array (
  'content-type' => 'multipart/form-data; boundary=--------------------------230106892546466659656897',
  'cache-control' => 'no-cache',
  'postman-token' => '9ab1daaa-a054-4dca-85d7-3976f9977797',
  'user-agent' => 'PostmanRuntime/7.6.0',
  'accept' => '*/*',
  'host' => 'localhost',
  'cookie' => 'PHPSESSID=4511nvufsak5jkbd7gj7e45ok2',
  'accept-encoding' => 'gzip, deflate',
  'content-length' => '232',
  'connection' => 'keep-alive',
)
[ info ] [ PARAM ] array (
  'url' => 'https://news.uestc.edu.cn/?n=UestcNews.Front.Document.ArticlePage&Id=63640',
)
[ info ] [ LANG ] /Applications/XAMPP/xamppfiles/htdocs/dashboard/fastadmin/public/../application/admin/lang/zh-cn.php
[ info ] [ BEHAVIOR ] Run app\common\behavior\Common @module_init [ RunTime:0.001344s ]
[ info ] [ SESSION ] INIT array (
  'id' => '',
  'var_session_id' => '',
  'prefix' => 'think',
  'type' => '',
  'auto_start' => true,
)
[ info ] [ DB ] INIT mysql
[ info ] [ RUN ] app\admin\controller\Article->test[ /Applications/XAMPP/xamppfiles/htdocs/dashboard/fastadmin/application/admin/controller/Article.php ]
[ info ] [ LOG ] INIT File
[ error ] [0]致命错误: Class 'app\admin\model\Cilent' not found[/Applications/XAMPP/xamppfiles/htdocs/dashboard/fastadmin/application/admin/model/Article.php:50]
---------------------------------------------------------------
[ 2019-01-23T00:09:27+08:00 ] 0.0.0.0 POST localhost/dashboard/fastadmin/public/admin/article/test
[运行时间：0.034783s] [吞吐率：28.75req/s] [内存消耗：3,443.87kb] [文件加载：76]
[ info ] [ BEHAVIOR ] Run Closure @app_init [ RunTime:0.000019s ]
[ info ] [ CACHE ] INIT File
[ info ] [ BEHAVIOR ] Run Closure @app_init [ RunTime:0.001159s ]
[ info ] [ LANG ] /Applications/XAMPP/xamppfiles/htdocs/dashboard/fastadmin/thinkphp/lang/zh-cn.php
[ info ] [ ROUTE ] array (
  'type' => 'module',
  'module' => 
  array (
    0 => 'admin',
    1 => 'article',
    2 => 'test',
  ),
)
[ info ] [ HEADER ] array (
  'content-type' => 'multipart/form-data; boundary=--------------------------993201266562530448047383',
  'cache-control' => 'no-cache',
  'postman-token' => '6e35006d-7a12-4d35-9bfc-33f30094fa18',
  'user-agent' => 'PostmanRuntime/7.6.0',
  'accept' => '*/*',
  'host' => 'localhost',
  'cookie' => 'PHPSESSID=4511nvufsak5jkbd7gj7e45ok2',
  'accept-encoding' => 'gzip, deflate',
  'content-length' => '232',
  'connection' => 'keep-alive',
)
[ info ] [ PARAM ] array (
  'url' => 'https://news.uestc.edu.cn/?n=UestcNews.Front.Document.ArticlePage&Id=63640',
)
[ info ] [ LANG ] /Applications/XAMPP/xamppfiles/htdocs/dashboard/fastadmin/public/../application/admin/lang/zh-cn.php
[ info ] [ BEHAVIOR ] Run app\common\behavior\Common @module_init [ RunTime:0.001329s ]
[ info ] [ SESSION ] INIT array (
  'id' => '',
  'var_session_id' => '',
  'prefix' => 'think',
  'type' => '',
  'auto_start' => true,
)
[ info ] [ DB ] INIT mysql
[ info ] [ RUN ] app\admin\controller\Article->test[ /Applications/XAMPP/xamppfiles/htdocs/dashboard/fastadmin/application/admin/controller/Article.php ]
[ info ] [ LOG ] INIT File
[ error ] [0]致命错误: Class 'Cilent' not found[/Applications/XAMPP/xamppfiles/htdocs/dashboard/fastadmin/application/admin/model/Article.php:50]
---------------------------------------------------------------
[ 2019-01-23T00:10:03+08:00 ] 0.0.0.0 POST localhost/dashboard/fastadmin/public/admin/article/test
[运行时间：0.035152s] [吞吐率：28.45req/s] [内存消耗：3,443.88kb] [文件加载：76]
[ info ] [ BEHAVIOR ] Run Closure @app_init [ RunTime:0.000018s ]
[ info ] [ CACHE ] INIT File
[ info ] [ BEHAVIOR ] Run Closure @app_init [ RunTime:0.001216s ]
[ info ] [ LANG ] /Applications/XAMPP/xamppfiles/htdocs/dashboard/fastadmin/thinkphp/lang/zh-cn.php
[ info ] [ ROUTE ] array (
  'type' => 'module',
  'module' => 
  array (
    0 => 'admin',
    1 => 'article',
    2 => 'test',
  ),
)
[ info ] [ HEADER ] array (
  'content-type' => 'multipart/form-data; boundary=--------------------------863737833034141951889023',
  'cache-control' => 'no-cache',
  'postman-token' => '60b1edcd-8287-48b2-8320-9888c8baf18e',
  'user-agent' => 'PostmanRuntime/7.6.0',
  'accept' => '*/*',
  'host' => 'localhost',
  'cookie' => 'PHPSESSID=4511nvufsak5jkbd7gj7e45ok2',
  'accept-encoding' => 'gzip, deflate',
  'content-length' => '232',
  'connection' => 'keep-alive',
)
[ info ] [ PARAM ] array (
  'url' => 'https://news.uestc.edu.cn/?n=UestcNews.Front.Document.ArticlePage&Id=63640',
)
[ info ] [ LANG ] /Applications/XAMPP/xamppfiles/htdocs/dashboard/fastadmin/public/../application/admin/lang/zh-cn.php
[ info ] [ BEHAVIOR ] Run app\common\behavior\Common @module_init [ RunTime:0.001611s ]
[ info ] [ SESSION ] INIT array (
  'id' => '',
  'var_session_id' => '',
  'prefix' => 'think',
  'type' => '',
  'auto_start' => true,
)
[ info ] [ DB ] INIT mysql
[ info ] [ RUN ] app\admin\controller\Article->test[ /Applications/XAMPP/xamppfiles/htdocs/dashboard/fastadmin/application/admin/controller/Article.php ]
[ info ] [ LOG ] INIT File
[ error ] [0]致命错误: Class 'Cilent' not found[/Applications/XAMPP/xamppfiles/htdocs/dashboard/fastadmin/application/admin/model/Article.php:50]
---------------------------------------------------------------
[ 2019-01-23T00:10:26+08:00 ] 0.0.0.0 POST localhost/dashboard/fastadmin/public/admin/article/test
[运行时间：0.036160s] [吞吐率：27.65req/s] [内存消耗：3,443.88kb] [文件加载：76]
[ info ] [ BEHAVIOR ] Run Closure @app_init [ RunTime:0.000023s ]
[ info ] [ CACHE ] INIT File
[ info ] [ BEHAVIOR ] Run Closure @app_init [ RunTime:0.001023s ]
[ info ] [ LANG ] /Applications/XAMPP/xamppfiles/htdocs/dashboard/fastadmin/thinkphp/lang/zh-cn.php
[ info ] [ ROUTE ] array (
  'type' => 'module',
  'module' => 
  array (
    0 => 'admin',
    1 => 'article',
    2 => 'test',
  ),
)
[ info ] [ HEADER ] array (
  'content-type' => 'multipart/form-data; boundary=--------------------------617152837621420706880025',
  'cache-control' => 'no-cache',
  'postman-token' => '79101c94-33ad-4f26-b6b1-677556171aa1',
  'user-agent' => 'PostmanRuntime/7.6.0',
  'accept' => '*/*',
  'host' => 'localhost',
  'cookie' => 'PHPSESSID=4511nvufsak5jkbd7gj7e45ok2',
  'accept-encoding' => 'gzip, deflate',
  'content-length' => '232',
  'connection' => 'keep-alive',
)
[ info ] [ PARAM ] array (
  'url' => 'https://news.uestc.edu.cn/?n=UestcNews.Front.Document.ArticlePage&Id=63640',
)
[ info ] [ LANG ] /Applications/XAMPP/xamppfiles/htdocs/dashboard/fastadmin/public/../application/admin/lang/zh-cn.php
[ info ] [ BEHAVIOR ] Run app\common\behavior\Common @module_init [ RunTime:0.001961s ]
[ info ] [ SESSION ] INIT array (
  'id' => '',
  'var_session_id' => '',
  'prefix' => 'think',
  'type' => '',
  'auto_start' => true,
)
[ info ] [ DB ] INIT mysql
[ info ] [ RUN ] app\admin\controller\Article->test[ /Applications/XAMPP/xamppfiles/htdocs/dashboard/fastadmin/application/admin/controller/Article.php ]
[ info ] [ LOG ] INIT File
[ error ] [0]致命错误: Class 'Cilent' not found[/Applications/XAMPP/xamppfiles/htdocs/dashboard/fastadmin/application/admin/model/Article.php:50]
---------------------------------------------------------------
[ 2019-01-23T00:10:30+08:00 ] 0.0.0.0 POST localhost/dashboard/fastadmin/public/admin/article/test
[运行时间：0.052761s] [吞吐率：18.95req/s] [内存消耗：3,443.88kb] [文件加载：76]
[ info ] [ BEHAVIOR ] Run Closure @app_init [ RunTime:0.000023s ]
[ info ] [ CACHE ] INIT File
[ info ] [ BEHAVIOR ] Run Closure @app_init [ RunTime:0.001102s ]
[ info ] [ LANG ] /Applications/XAMPP/xamppfiles/htdocs/dashboard/fastadmin/thinkphp/lang/zh-cn.php
[ info ] [ ROUTE ] array (
  'type' => 'module',
  'module' => 
  array (
    0 => 'admin',
    1 => 'article',
    2 => 'test',
  ),
)
[ info ] [ HEADER ] array (
  'content-type' => 'multipart/form-data; boundary=--------------------------927853449544319178071656',
  'cache-control' => 'no-cache',
  'postman-token' => '713339e7-d3ee-4021-8bc7-4741b8e3448b',
  'user-agent' => 'PostmanRuntime/7.6.0',
  'accept' => '*/*',
  'host' => 'localhost',
  'cookie' => 'PHPSESSID=4511nvufsak5jkbd7gj7e45ok2',
  'accept-encoding' => 'gzip, deflate',
  'content-length' => '232',
  'connection' => 'keep-alive',
)
[ info ] [ PARAM ] array (
  'url' => 'https://news.uestc.edu.cn/?n=UestcNews.Front.Document.ArticlePage&Id=63640',
)
[ info ] [ LANG ] /Applications/XAMPP/xamppfiles/htdocs/dashboard/fastadmin/public/../application/admin/lang/zh-cn.php
[ info ] [ BEHAVIOR ] Run app\common\behavior\Common @module_init [ RunTime:0.004746s ]
[ info ] [ SESSION ] INIT array (
  'id' => '',
  'var_session_id' => '',
  'prefix' => 'think',
  'type' => '',
  'auto_start' => true,
)
[ info ] [ DB ] INIT mysql
[ info ] [ RUN ] app\admin\controller\Article->test[ /Applications/XAMPP/xamppfiles/htdocs/dashboard/fastadmin/application/admin/controller/Article.php ]
[ info ] [ LOG ] INIT File
[ error ] [0]致命错误: Class 'Cilent' not found[/Applications/XAMPP/xamppfiles/htdocs/dashboard/fastadmin/application/admin/model/Article.php:50]
---------------------------------------------------------------
[ 2019-01-23T00:12:37+08:00 ] 0.0.0.0 POST localhost/dashboard/fastadmin/public/admin/article/test
[运行时间：0.032499s] [吞吐率：30.77req/s] [内存消耗：3,443.65kb] [文件加载：76]
[ info ] [ BEHAVIOR ] Run Closure @app_init [ RunTime:0.000019s ]
[ info ] [ CACHE ] INIT File
[ info ] [ BEHAVIOR ] Run Closure @app_init [ RunTime:0.000988s ]
[ info ] [ LANG ] /Applications/XAMPP/xamppfiles/htdocs/dashboard/fastadmin/thinkphp/lang/zh-cn.php
[ info ] [ ROUTE ] array (
  'type' => 'module',
  'module' => 
  array (
    0 => 'admin',
    1 => 'article',
    2 => 'test',
  ),
)
[ info ] [ HEADER ] array (
  'content-type' => 'multipart/form-data; boundary=--------------------------733949232913833897260753',
  'cache-control' => 'no-cache',
  'postman-token' => 'de9b9578-6347-4943-af16-11b9c14e6b3e',
  'user-agent' => 'PostmanRuntime/7.6.0',
  'accept' => '*/*',
  'host' => 'localhost',
  'cookie' => 'PHPSESSID=4511nvufsak5jkbd7gj7e45ok2',
  'accept-encoding' => 'gzip, deflate',
  'content-length' => '232',
  'connection' => 'keep-alive',
)
[ info ] [ PARAM ] array (
  'url' => 'https://news.uestc.edu.cn/?n=UestcNews.Front.Document.ArticlePage&Id=63640',
)
[ info ] [ LANG ] /Applications/XAMPP/xamppfiles/htdocs/dashboard/fastadmin/public/../application/admin/lang/zh-cn.php
[ info ] [ BEHAVIOR ] Run app\common\behavior\Common @module_init [ RunTime:0.001395s ]
[ info ] [ SESSION ] INIT array (
  'id' => '',
  'var_session_id' => '',
  'prefix' => 'think',
  'type' => '',
  'auto_start' => true,
)
[ info ] [ DB ] INIT mysql
[ info ] [ RUN ] app\admin\controller\Article->test[ /Applications/XAMPP/xamppfiles/htdocs/dashboard/fastadmin/application/admin/controller/Article.php ]
[ info ] [ LOG ] INIT File
[ error ] [0]致命错误: Class 'Cilent' not found[/Applications/XAMPP/xamppfiles/htdocs/dashboard/fastadmin/application/admin/model/Article.php:50]
---------------------------------------------------------------
[ 2019-01-23T00:12:41+08:00 ] 0.0.0.0 POST localhost/dashboard/fastadmin/public/admin/article/test
[运行时间：0.039539s] [吞吐率：25.29req/s] [内存消耗：3,443.68kb] [文件加载：76]
[ info ] [ BEHAVIOR ] Run Closure @app_init [ RunTime:0.000021s ]
[ info ] [ CACHE ] INIT File
[ info ] [ BEHAVIOR ] Run Closure @app_init [ RunTime:0.001562s ]
[ info ] [ LANG ] /Applications/XAMPP/xamppfiles/htdocs/dashboard/fastadmin/thinkphp/lang/zh-cn.php
[ info ] [ ROUTE ] array (
  'type' => 'module',
  'module' => 
  array (
    0 => 'admin',
    1 => 'article',
    2 => 'test',
  ),
)
[ info ] [ HEADER ] array (
  'content-type' => 'multipart/form-data; boundary=--------------------------048530934002362816473816',
  'cache-control' => 'no-cache',
  'postman-token' => 'a31c2fcc-4c05-4bd2-a933-dddc2bb60d22',
  'user-agent' => 'PostmanRuntime/7.6.0',
  'accept' => '*/*',
  'host' => 'localhost',
  'cookie' => 'PHPSESSID=4511nvufsak5jkbd7gj7e45ok2',
  'accept-encoding' => 'gzip, deflate',
  'content-length' => '232',
  'connection' => 'keep-alive',
)
[ info ] [ PARAM ] array (
  'url' => 'https://news.uestc.edu.cn/?n=UestcNews.Front.Document.ArticlePage&Id=63640',
)
[ info ] [ LANG ] /Applications/XAMPP/xamppfiles/htdocs/dashboard/fastadmin/public/../application/admin/lang/zh-cn.php
[ info ] [ BEHAVIOR ] Run app\common\behavior\Common @module_init [ RunTime:0.001914s ]
[ info ] [ SESSION ] INIT array (
  'id' => '',
  'var_session_id' => '',
  'prefix' => 'think',
  'type' => '',
  'auto_start' => true,
)
[ info ] [ DB ] INIT mysql
[ info ] [ RUN ] app\admin\controller\Article->test[ /Applications/XAMPP/xamppfiles/htdocs/dashboard/fastadmin/application/admin/controller/Article.php ]
[ info ] [ LOG ] INIT File
[ error ] [0]致命错误: Class 'GuzzleHttp\Cilent' not found[/Applications/XAMPP/xamppfiles/htdocs/dashboard/fastadmin/application/admin/model/Article.php:50]
---------------------------------------------------------------
[ 2019-01-23T00:13:03+08:00 ] 0.0.0.0 POST localhost/dashboard/fastadmin/public/admin/article/test
[运行时间：0.037768s] [吞吐率：26.48req/s] [内存消耗：3,443.68kb] [文件加载：76]
[ info ] [ BEHAVIOR ] Run Closure @app_init [ RunTime:0.000031s ]
[ info ] [ CACHE ] INIT File
[ info ] [ BEHAVIOR ] Run Closure @app_init [ RunTime:0.001116s ]
[ info ] [ LANG ] /Applications/XAMPP/xamppfiles/htdocs/dashboard/fastadmin/thinkphp/lang/zh-cn.php
[ info ] [ ROUTE ] array (
  'type' => 'module',
  'module' => 
  array (
    0 => 'admin',
    1 => 'article',
    2 => 'test',
  ),
)
[ info ] [ HEADER ] array (
  'content-type' => 'multipart/form-data; boundary=--------------------------225502442172306732716482',
  'cache-control' => 'no-cache',
  'postman-token' => '95cf5c2e-ee8d-4124-86bc-183369eb39f5',
  'user-agent' => 'PostmanRuntime/7.6.0',
  'accept' => '*/*',
  'host' => 'localhost',
  'cookie' => 'PHPSESSID=4511nvufsak5jkbd7gj7e45ok2',
  'accept-encoding' => 'gzip, deflate',
  'content-length' => '232',
  'connection' => 'keep-alive',
)
[ info ] [ PARAM ] array (
  'url' => 'https://news.uestc.edu.cn/?n=UestcNews.Front.Document.ArticlePage&Id=63640',
)
[ info ] [ LANG ] /Applications/XAMPP/xamppfiles/htdocs/dashboard/fastadmin/public/../application/admin/lang/zh-cn.php
[ info ] [ BEHAVIOR ] Run app\common\behavior\Common @module_init [ RunTime:0.001603s ]
[ info ] [ SESSION ] INIT array (
  'id' => '',
  'var_session_id' => '',
  'prefix' => 'think',
  'type' => '',
  'auto_start' => true,
)
[ info ] [ DB ] INIT mysql
[ info ] [ RUN ] app\admin\controller\Article->test[ /Applications/XAMPP/xamppfiles/htdocs/dashboard/fastadmin/application/admin/controller/Article.php ]
[ info ] [ LOG ] INIT File
[ error ] [0]致命错误: Class 'GuzzleHttp\Cilent' not found[/Applications/XAMPP/xamppfiles/htdocs/dashboard/fastadmin/application/admin/model/Article.php:50]
---------------------------------------------------------------
[ 2019-01-23T00:14:55+08:00 ] 0.0.0.0 POST localhost/dashboard/fastadmin/public/admin/article/test
[运行时间：0.042355s] [吞吐率：23.61req/s] [内存消耗：3,443.88kb] [文件加载：76]
[ info ] [ BEHAVIOR ] Run Closure @app_init [ RunTime:0.000030s ]
[ info ] [ CACHE ] INIT File
[ info ] [ BEHAVIOR ] Run Closure @app_init [ RunTime:0.001354s ]
[ info ] [ LANG ] /Applications/XAMPP/xamppfiles/htdocs/dashboard/fastadmin/thinkphp/lang/zh-cn.php
[ info ] [ ROUTE ] array (
  'type' => 'module',
  'module' => 
  array (
    0 => 'admin',
    1 => 'article',
    2 => 'test',
  ),
)
[ info ] [ HEADER ] array (
  'content-type' => 'multipart/form-data; boundary=--------------------------755638988984778017735316',
  'cache-control' => 'no-cache',
  'postman-token' => '41aaa2f2-e98a-4788-a339-43479873126c',
  'user-agent' => 'PostmanRuntime/7.6.0',
  'accept' => '*/*',
  'host' => 'localhost',
  'cookie' => 'PHPSESSID=4511nvufsak5jkbd7gj7e45ok2',
  'accept-encoding' => 'gzip, deflate',
  'content-length' => '232',
  'connection' => 'keep-alive',
)
[ info ] [ PARAM ] array (
  'url' => 'https://news.uestc.edu.cn/?n=UestcNews.Front.Document.ArticlePage&Id=63640',
)
[ info ] [ LANG ] /Applications/XAMPP/xamppfiles/htdocs/dashboard/fastadmin/public/../application/admin/lang/zh-cn.php
[ info ] [ BEHAVIOR ] Run app\common\behavior\Common @module_init [ RunTime:0.001784s ]
[ info ] [ SESSION ] INIT array (
  'id' => '',
  'var_session_id' => '',
  'prefix' => 'think',
  'type' => '',
  'auto_start' => true,
)
[ info ] [ DB ] INIT mysql
[ info ] [ RUN ] app\admin\controller\Article->test[ /Applications/XAMPP/xamppfiles/htdocs/dashboard/fastadmin/application/admin/controller/Article.php ]
[ info ] [ LOG ] INIT File
[ error ] [0]致命错误: Class 'Cilent' not found[/Applications/XAMPP/xamppfiles/htdocs/dashboard/fastadmin/application/admin/model/Article.php:50]
---------------------------------------------------------------
[ 2019-01-23T00:17:34+08:00 ] 0.0.0.0 POST localhost/dashboard/fastadmin/public/admin/article/test
[运行时间：0.038724s] [吞吐率：25.82req/s] [内存消耗：3,444.55kb] [文件加载：77]
[ info ] [ BEHAVIOR ] Run Closure @app_init [ RunTime:0.000027s ]
[ info ] [ CACHE ] INIT File
[ info ] [ BEHAVIOR ] Run Closure @app_init [ RunTime:0.001395s ]
[ info ] [ LANG ] /Applications/XAMPP/xamppfiles/htdocs/dashboard/fastadmin/thinkphp/lang/zh-cn.php
[ info ] [ ROUTE ] array (
  'type' => 'module',
  'module' => 
  array (
    0 => 'admin',
    1 => 'article',
    2 => 'test',
  ),
)
[ info ] [ HEADER ] array (
  'content-type' => 'multipart/form-data; boundary=--------------------------706761006723606388947312',
  'cache-control' => 'no-cache',
  'postman-token' => 'b8e2895e-acaf-4127-af3a-55d227a42be1',
  'user-agent' => 'PostmanRuntime/7.6.0',
  'accept' => '*/*',
  'host' => 'localhost',
  'cookie' => 'PHPSESSID=4511nvufsak5jkbd7gj7e45ok2',
  'accept-encoding' => 'gzip, deflate',
  'content-length' => '232',
  'connection' => 'keep-alive',
)
[ info ] [ PARAM ] array (
  'url' => 'https://news.uestc.edu.cn/?n=UestcNews.Front.Document.ArticlePage&Id=63640',
)
[ info ] [ LANG ] /Applications/XAMPP/xamppfiles/htdocs/dashboard/fastadmin/public/../application/admin/lang/zh-cn.php
[ info ] [ BEHAVIOR ] Run app\common\behavior\Common @module_init [ RunTime:0.001265s ]
[ info ] [ SESSION ] INIT array (
  'id' => '',
  'var_session_id' => '',
  'prefix' => 'think',
  'type' => '',
  'auto_start' => true,
)
[ info ] [ DB ] INIT mysql
[ info ] [ RUN ] app\admin\controller\Article->test[ /Applications/XAMPP/xamppfiles/htdocs/dashboard/fastadmin/application/admin/controller/Article.php ]
[ info ] [ LOG ] INIT File
[ error ] [8]未定义变量: response[/Applications/XAMPP/xamppfiles/htdocs/dashboard/fastadmin/application/admin/model/Article.php:52]
---------------------------------------------------------------
[ 2019-01-23T00:17:53+08:00 ] 0.0.0.0 POST localhost/dashboard/fastadmin/public/admin/article/test
[运行时间：0.044243s] [吞吐率：22.60req/s] [内存消耗：3,443.65kb] [文件加载：76]
[ info ] [ BEHAVIOR ] Run Closure @app_init [ RunTime:0.000032s ]
[ info ] [ CACHE ] INIT File
[ info ] [ BEHAVIOR ] Run Closure @app_init [ RunTime:0.001355s ]
[ info ] [ LANG ] /Applications/XAMPP/xamppfiles/htdocs/dashboard/fastadmin/thinkphp/lang/zh-cn.php
[ info ] [ ROUTE ] array (
  'type' => 'module',
  'module' => 
  array (
    0 => 'admin',
    1 => 'article',
    2 => 'test',
  ),
)
[ info ] [ HEADER ] array (
  'content-type' => 'multipart/form-data; boundary=--------------------------242094855942536144831936',
  'cache-control' => 'no-cache',
  'postman-token' => '9385c807-83cc-47d4-add5-c393c68690f9',
  'user-agent' => 'PostmanRuntime/7.6.0',
  'accept' => '*/*',
  'host' => 'localhost',
  'cookie' => 'PHPSESSID=4511nvufsak5jkbd7gj7e45ok2',
  'accept-encoding' => 'gzip, deflate',
  'content-length' => '232',
  'connection' => 'keep-alive',
)
[ info ] [ PARAM ] array (
  'url' => 'https://news.uestc.edu.cn/?n=UestcNews.Front.Document.ArticlePage&Id=63640',
)
[ info ] [ LANG ] /Applications/XAMPP/xamppfiles/htdocs/dashboard/fastadmin/public/../application/admin/lang/zh-cn.php
[ info ] [ BEHAVIOR ] Run app\common\behavior\Common @module_init [ RunTime:0.001787s ]
[ info ] [ SESSION ] INIT array (
  'id' => '',
  'var_session_id' => '',
  'prefix' => 'think',
  'type' => '',
  'auto_start' => true,
)
[ info ] [ DB ] INIT mysql
[ info ] [ RUN ] app\admin\controller\Article->test[ /Applications/XAMPP/xamppfiles/htdocs/dashboard/fastadmin/application/admin/controller/Article.php ]
[ info ] [ LOG ] INIT File
[ error ] [0]致命错误: Class 'Cilent' not found[/Applications/XAMPP/xamppfiles/htdocs/dashboard/fastadmin/application/admin/model/Article.php:50]
---------------------------------------------------------------
[ 2019-01-23T00:17:59+08:00 ] 0.0.0.0 POST localhost/dashboard/fastadmin/public/admin/article/test
[运行时间：0.042246s] [吞吐率：23.67req/s] [内存消耗：3,443.68kb] [文件加载：76]
[ info ] [ BEHAVIOR ] Run Closure @app_init [ RunTime:0.000018s ]
[ info ] [ CACHE ] INIT File
[ info ] [ BEHAVIOR ] Run Closure @app_init [ RunTime:0.001244s ]
[ info ] [ LANG ] /Applications/XAMPP/xamppfiles/htdocs/dashboard/fastadmin/thinkphp/lang/zh-cn.php
[ info ] [ ROUTE ] array (
  'type' => 'module',
  'module' => 
  array (
    0 => 'admin',
    1 => 'article',
    2 => 'test',
  ),
)
[ info ] [ HEADER ] array (
  'content-type' => 'multipart/form-data; boundary=--------------------------629422310159273825741219',
  'cache-control' => 'no-cache',
  'postman-token' => 'c09e577c-56b6-4c29-b26f-455bab0e1383',
  'user-agent' => 'PostmanRuntime/7.6.0',
  'accept' => '*/*',
  'host' => 'localhost',
  'cookie' => 'PHPSESSID=4511nvufsak5jkbd7gj7e45ok2',
  'accept-encoding' => 'gzip, deflate',
  'content-length' => '232',
  'connection' => 'keep-alive',
)
[ info ] [ PARAM ] array (
  'url' => 'https://news.uestc.edu.cn/?n=UestcNews.Front.Document.ArticlePage&Id=63640',
)
[ info ] [ LANG ] /Applications/XAMPP/xamppfiles/htdocs/dashboard/fastadmin/public/../application/admin/lang/zh-cn.php
[ info ] [ BEHAVIOR ] Run app\common\behavior\Common @module_init [ RunTime:0.001743s ]
[ info ] [ SESSION ] INIT array (
  'id' => '',
  'var_session_id' => '',
  'prefix' => 'think',
  'type' => '',
  'auto_start' => true,
)
[ info ] [ DB ] INIT mysql
[ info ] [ RUN ] app\admin\controller\Article->test[ /Applications/XAMPP/xamppfiles/htdocs/dashboard/fastadmin/application/admin/controller/Article.php ]
[ info ] [ LOG ] INIT File
[ error ] [0]致命错误: Class 'GuzzleHttp\Cilent' not found[/Applications/XAMPP/xamppfiles/htdocs/dashboard/fastadmin/application/admin/model/Article.php:50]
---------------------------------------------------------------
[ 2019-01-23T00:18:23+08:00 ] 0.0.0.0 POST localhost/dashboard/fastadmin/public/admin/article/test
[运行时间：0.040482s] [吞吐率：24.70req/s] [内存消耗：3,443.70kb] [文件加载：76]
[ info ] [ BEHAVIOR ] Run Closure @app_init [ RunTime:0.000029s ]
[ info ] [ CACHE ] INIT File
[ info ] [ BEHAVIOR ] Run Closure @app_init [ RunTime:0.001795s ]
[ info ] [ LANG ] /Applications/XAMPP/xamppfiles/htdocs/dashboard/fastadmin/thinkphp/lang/zh-cn.php
[ info ] [ ROUTE ] array (
  'type' => 'module',
  'module' => 
  array (
    0 => 'admin',
    1 => 'article',
    2 => 'test',
  ),
)
[ info ] [ HEADER ] array (
  'content-type' => 'multipart/form-data; boundary=--------------------------163703773759338806054202',
  'cache-control' => 'no-cache',
  'postman-token' => 'd5c07869-4db6-4099-844e-52d8976a0a00',
  'user-agent' => 'PostmanRuntime/7.6.0',
  'accept' => '*/*',
  'host' => 'localhost',
  'cookie' => 'PHPSESSID=4511nvufsak5jkbd7gj7e45ok2',
  'accept-encoding' => 'gzip, deflate',
  'content-length' => '232',
  'connection' => 'keep-alive',
)
[ info ] [ PARAM ] array (
  'url' => 'https://news.uestc.edu.cn/?n=UestcNews.Front.Document.ArticlePage&Id=63640',
)
[ info ] [ LANG ] /Applications/XAMPP/xamppfiles/htdocs/dashboard/fastadmin/public/../application/admin/lang/zh-cn.php
[ info ] [ BEHAVIOR ] Run app\common\behavior\Common @module_init [ RunTime:0.001930s ]
[ info ] [ SESSION ] INIT array (
  'id' => '',
  'var_session_id' => '',
  'prefix' => 'think',
  'type' => '',
  'auto_start' => true,
)
[ info ] [ DB ] INIT mysql
[ info ] [ RUN ] app\admin\controller\Article->test[ /Applications/XAMPP/xamppfiles/htdocs/dashboard/fastadmin/application/admin/controller/Article.php ]
[ info ] [ LOG ] INIT File
[ error ] [0]致命错误: Class 'guzzleHttp\guzzle\Cilent' not found[/Applications/XAMPP/xamppfiles/htdocs/dashboard/fastadmin/application/admin/model/Article.php:50]
---------------------------------------------------------------
[ 2019-01-23T00:18:56+08:00 ] 0.0.0.0 POST localhost/dashboard/fastadmin/public/admin/article/test
[运行时间：0.036480s] [吞吐率：27.41req/s] [内存消耗：3,443.66kb] [文件加载：76]
[ info ] [ BEHAVIOR ] Run Closure @app_init [ RunTime:0.000028s ]
[ info ] [ CACHE ] INIT File
[ info ] [ BEHAVIOR ] Run Closure @app_init [ RunTime:0.001504s ]
[ info ] [ LANG ] /Applications/XAMPP/xamppfiles/htdocs/dashboard/fastadmin/thinkphp/lang/zh-cn.php
[ info ] [ ROUTE ] array (
  'type' => 'module',
  'module' => 
  array (
    0 => 'admin',
    1 => 'article',
    2 => 'test',
  ),
)
[ info ] [ HEADER ] array (
  'content-type' => 'multipart/form-data; boundary=--------------------------514485503689423958631459',
  'cache-control' => 'no-cache',
  'postman-token' => '8d68572d-914b-4b07-9e1f-1b673321a88e',
  'user-agent' => 'PostmanRuntime/7.6.0',
  'accept' => '*/*',
  'host' => 'localhost',
  'cookie' => 'PHPSESSID=4511nvufsak5jkbd7gj7e45ok2',
  'accept-encoding' => 'gzip, deflate',
  'content-length' => '232',
  'connection' => 'keep-alive',
)
[ info ] [ PARAM ] array (
  'url' => 'https://news.uestc.edu.cn/?n=UestcNews.Front.Document.ArticlePage&Id=63640',
)
[ info ] [ LANG ] /Applications/XAMPP/xamppfiles/htdocs/dashboard/fastadmin/public/../application/admin/lang/zh-cn.php
[ info ] [ BEHAVIOR ] Run app\common\behavior\Common @module_init [ RunTime:0.001397s ]
[ info ] [ SESSION ] INIT array (
  'id' => '',
  'var_session_id' => '',
  'prefix' => 'think',
  'type' => '',
  'auto_start' => true,
)
[ info ] [ DB ] INIT mysql
[ info ] [ RUN ] app\admin\controller\Article->test[ /Applications/XAMPP/xamppfiles/htdocs/dashboard/fastadmin/application/admin/controller/Article.php ]
[ info ] [ LOG ] INIT File
[ error ] [0]致命错误: Class 'guzzle\Cilent' not found[/Applications/XAMPP/xamppfiles/htdocs/dashboard/fastadmin/application/admin/model/Article.php:50]
---------------------------------------------------------------
[ 2019-01-23T00:19:01+08:00 ] 0.0.0.0 POST localhost/dashboard/fastadmin/public/admin/article/test
[运行时间：0.040365s] [吞吐率：24.77req/s] [内存消耗：3,443.68kb] [文件加载：76]
[ info ] [ BEHAVIOR ] Run Closure @app_init [ RunTime:0.000022s ]
[ info ] [ CACHE ] INIT File
[ info ] [ BEHAVIOR ] Run Closure @app_init [ RunTime:0.001107s ]
[ info ] [ LANG ] /Applications/XAMPP/xamppfiles/htdocs/dashboard/fastadmin/thinkphp/lang/zh-cn.php
[ info ] [ ROUTE ] array (
  'type' => 'module',
  'module' => 
  array (
    0 => 'admin',
    1 => 'article',
    2 => 'test',
  ),
)
[ info ] [ HEADER ] array (
  'content-type' => 'multipart/form-data; boundary=--------------------------362370172906964207599729',
  'cache-control' => 'no-cache',
  'postman-token' => '2e4f5ef7-4874-411d-85f4-0e25107bb696',
  'user-agent' => 'PostmanRuntime/7.6.0',
  'accept' => '*/*',
  'host' => 'localhost',
  'cookie' => 'PHPSESSID=4511nvufsak5jkbd7gj7e45ok2',
  'accept-encoding' => 'gzip, deflate',
  'content-length' => '232',
  'connection' => 'keep-alive',
)
[ info ] [ PARAM ] array (
  'url' => 'https://news.uestc.edu.cn/?n=UestcNews.Front.Document.ArticlePage&Id=63640',
)
[ info ] [ LANG ] /Applications/XAMPP/xamppfiles/htdocs/dashboard/fastadmin/public/../application/admin/lang/zh-cn.php
[ info ] [ BEHAVIOR ] Run app\common\behavior\Common @module_init [ RunTime:0.001741s ]
[ info ] [ SESSION ] INIT array (
  'id' => '',
  'var_session_id' => '',
  'prefix' => 'think',
  'type' => '',
  'auto_start' => true,
)
[ info ] [ DB ] INIT mysql
[ info ] [ RUN ] app\admin\controller\Article->test[ /Applications/XAMPP/xamppfiles/htdocs/dashboard/fastadmin/application/admin/controller/Article.php ]
[ info ] [ LOG ] INIT File
[ error ] [0]致命错误: Class 'app\admin\model\Cilent' not found[/Applications/XAMPP/xamppfiles/htdocs/dashboard/fastadmin/application/admin/model/Article.php:50]
---------------------------------------------------------------
[ 2019-01-23T00:19:09+08:00 ] 0.0.0.0 POST localhost/dashboard/fastadmin/public/admin/article/test
[运行时间：0.039552s] [吞吐率：25.28req/s] [内存消耗：3,443.62kb] [文件加载：76]
[ info ] [ BEHAVIOR ] Run Closure @app_init [ RunTime:0.000027s ]
[ info ] [ CACHE ] INIT File
[ info ] [ BEHAVIOR ] Run Closure @app_init [ RunTime:0.001455s ]
[ info ] [ LANG ] /Applications/XAMPP/xamppfiles/htdocs/dashboard/fastadmin/thinkphp/lang/zh-cn.php
[ info ] [ ROUTE ] array (
  'type' => 'module',
  'module' => 
  array (
    0 => 'admin',
    1 => 'article',
    2 => 'test',
  ),
)
[ info ] [ HEADER ] array (
  'content-type' => 'multipart/form-data; boundary=--------------------------620441189208704089360747',
  'cache-control' => 'no-cache',
  'postman-token' => '6afbd1a8-959d-4438-8755-a429375b1d57',
  'user-agent' => 'PostmanRuntime/7.6.0',
  'accept' => '*/*',
  'host' => 'localhost',
  'cookie' => 'PHPSESSID=4511nvufsak5jkbd7gj7e45ok2',
  'accept-encoding' => 'gzip, deflate',
  'content-length' => '232',
  'connection' => 'keep-alive',
)
[ info ] [ PARAM ] array (
  'url' => 'https://news.uestc.edu.cn/?n=UestcNews.Front.Document.ArticlePage&Id=63640',
)
[ info ] [ LANG ] /Applications/XAMPP/xamppfiles/htdocs/dashboard/fastadmin/public/../application/admin/lang/zh-cn.php
[ info ] [ BEHAVIOR ] Run app\common\behavior\Common @module_init [ RunTime:0.001596s ]
[ info ] [ SESSION ] INIT array (
  'id' => '',
  'var_session_id' => '',
  'prefix' => 'think',
  'type' => '',
  'auto_start' => true,
)
[ info ] [ DB ] INIT mysql
[ info ] [ RUN ] app\admin\controller\Article->test[ /Applications/XAMPP/xamppfiles/htdocs/dashboard/fastadmin/application/admin/controller/Article.php ]
[ info ] [ LOG ] INIT File
[ error ] [0]致命错误: Class 'guzzle' not found[/Applications/XAMPP/xamppfiles/htdocs/dashboard/fastadmin/application/admin/model/Article.php:50]
---------------------------------------------------------------
[ 2019-01-23T00:23:07+08:00 ] 0.0.0.0 POST localhost/dashboard/fastadmin/public/admin/article/test
[运行时间：0.034378s] [吞吐率：29.09req/s] [内存消耗：3,443.68kb] [文件加载：76]
[ info ] [ BEHAVIOR ] Run Closure @app_init [ RunTime:0.000029s ]
[ info ] [ CACHE ] INIT File
[ info ] [ BEHAVIOR ] Run Closure @app_init [ RunTime:0.001232s ]
[ info ] [ LANG ] /Applications/XAMPP/xamppfiles/htdocs/dashboard/fastadmin/thinkphp/lang/zh-cn.php
[ info ] [ ROUTE ] array (
  'type' => 'module',
  'module' => 
  array (
    0 => 'admin',
    1 => 'article',
    2 => 'test',
  ),
)
[ info ] [ HEADER ] array (
  'content-type' => 'multipart/form-data; boundary=--------------------------083062574680324984763390',
  'cache-control' => 'no-cache',
  'postman-token' => '9462a68c-9e41-4b67-9e83-9bce707aaeff',
  'user-agent' => 'PostmanRuntime/7.6.0',
  'accept' => '*/*',
  'host' => 'localhost',
  'cookie' => 'PHPSESSID=4511nvufsak5jkbd7gj7e45ok2',
  'accept-encoding' => 'gzip, deflate',
  'content-length' => '232',
  'connection' => 'keep-alive',
)
[ info ] [ PARAM ] array (
  'url' => 'https://news.uestc.edu.cn/?n=UestcNews.Front.Document.ArticlePage&Id=63640',
)
[ info ] [ LANG ] /Applications/XAMPP/xamppfiles/htdocs/dashboard/fastadmin/public/../application/admin/lang/zh-cn.php
[ info ] [ BEHAVIOR ] Run app\common\behavior\Common @module_init [ RunTime:0.001668s ]
[ info ] [ SESSION ] INIT array (
  'id' => '',
  'var_session_id' => '',
  'prefix' => 'think',
  'type' => '',
  'auto_start' => true,
)
[ info ] [ DB ] INIT mysql
[ info ] [ RUN ] app\admin\controller\Article->test[ /Applications/XAMPP/xamppfiles/htdocs/dashboard/fastadmin/application/admin/controller/Article.php ]
[ info ] [ LOG ] INIT File
[ error ] [0]致命错误: Class 'GuzzleHttp\Cilent' not found[/Applications/XAMPP/xamppfiles/htdocs/dashboard/fastadmin/application/admin/model/Article.php:50]
---------------------------------------------------------------
[ 2019-01-23T00:23:08+08:00 ] 0.0.0.0 POST localhost/dashboard/fastadmin/public/admin/article/test
[运行时间：0.037298s] [吞吐率：26.81req/s] [内存消耗：3,443.68kb] [文件加载：76]
[ info ] [ BEHAVIOR ] Run Closure @app_init [ RunTime:0.000026s ]
[ info ] [ CACHE ] INIT File
[ info ] [ BEHAVIOR ] Run Closure @app_init [ RunTime:0.001309s ]
[ info ] [ LANG ] /Applications/XAMPP/xamppfiles/htdocs/dashboard/fastadmin/thinkphp/lang/zh-cn.php
[ info ] [ ROUTE ] array (
  'type' => 'module',
  'module' => 
  array (
    0 => 'admin',
    1 => 'article',
    2 => 'test',
  ),
)
[ info ] [ HEADER ] array (
  'content-type' => 'multipart/form-data; boundary=--------------------------717079584719148203795867',
  'cache-control' => 'no-cache',
  'postman-token' => 'ba3a31bc-0104-422e-815e-8d3e06d8a67b',
  'user-agent' => 'PostmanRuntime/7.6.0',
  'accept' => '*/*',
  'host' => 'localhost',
  'cookie' => 'PHPSESSID=4511nvufsak5jkbd7gj7e45ok2',
  'accept-encoding' => 'gzip, deflate',
  'content-length' => '232',
  'connection' => 'keep-alive',
)
[ info ] [ PARAM ] array (
  'url' => 'https://news.uestc.edu.cn/?n=UestcNews.Front.Document.ArticlePage&Id=63640',
)
[ info ] [ LANG ] /Applications/XAMPP/xamppfiles/htdocs/dashboard/fastadmin/public/../application/admin/lang/zh-cn.php
[ info ] [ BEHAVIOR ] Run app\common\behavior\Common @module_init [ RunTime:0.001618s ]
[ info ] [ SESSION ] INIT array (
  'id' => '',
  'var_session_id' => '',
  'prefix' => 'think',
  'type' => '',
  'auto_start' => true,
)
[ info ] [ DB ] INIT mysql
[ info ] [ RUN ] app\admin\controller\Article->test[ /Applications/XAMPP/xamppfiles/htdocs/dashboard/fastadmin/application/admin/controller/Article.php ]
[ info ] [ LOG ] INIT File
[ error ] [0]致命错误: Class 'GuzzleHttp\Cilent' not found[/Applications/XAMPP/xamppfiles/htdocs/dashboard/fastadmin/application/admin/model/Article.php:50]
---------------------------------------------------------------
[ 2019-01-23T00:23:30+08:00 ] 0.0.0.0 POST localhost/dashboard/fastadmin/public/admin/article/test
[运行时间：0.038398s] [吞吐率：26.04req/s] [内存消耗：3,443.68kb] [文件加载：76]
[ info ] [ BEHAVIOR ] Run Closure @app_init [ RunTime:0.000029s ]
[ info ] [ CACHE ] INIT File
[ info ] [ BEHAVIOR ] Run Closure @app_init [ RunTime:0.001538s ]
[ info ] [ LANG ] /Applications/XAMPP/xamppfiles/htdocs/dashboard/fastadmin/thinkphp/lang/zh-cn.php
[ info ] [ ROUTE ] array (
  'type' => 'module',
  'module' => 
  array (
    0 => 'admin',
    1 => 'article',
    2 => 'test',
  ),
)
[ info ] [ HEADER ] array (
  'content-type' => 'multipart/form-data; boundary=--------------------------535679947299414343086308',
  'cache-control' => 'no-cache',
  'postman-token' => '0396b754-fefa-4574-b11f-9131c521fc9c',
  'user-agent' => 'PostmanRuntime/7.6.0',
  'accept' => '*/*',
  'host' => 'localhost',
  'cookie' => 'PHPSESSID=4511nvufsak5jkbd7gj7e45ok2',
  'accept-encoding' => 'gzip, deflate',
  'content-length' => '232',
  'connection' => 'keep-alive',
)
[ info ] [ PARAM ] array (
  'url' => 'https://news.uestc.edu.cn/?n=UestcNews.Front.Document.ArticlePage&Id=63640',
)
[ info ] [ LANG ] /Applications/XAMPP/xamppfiles/htdocs/dashboard/fastadmin/public/../application/admin/lang/zh-cn.php
[ info ] [ BEHAVIOR ] Run app\common\behavior\Common @module_init [ RunTime:0.002176s ]
[ info ] [ SESSION ] INIT array (
  'id' => '',
  'var_session_id' => '',
  'prefix' => 'think',
  'type' => '',
  'auto_start' => true,
)
[ info ] [ DB ] INIT mysql
[ info ] [ RUN ] app\admin\controller\Article->test[ /Applications/XAMPP/xamppfiles/htdocs/dashboard/fastadmin/application/admin/controller/Article.php ]
[ info ] [ LOG ] INIT File
[ error ] [0]致命错误: Class 'GuzzleHttp\Cilent' not found[/Applications/XAMPP/xamppfiles/htdocs/dashboard/fastadmin/application/admin/model/Article.php:49]
---------------------------------------------------------------
[ 2019-01-23T00:23:31+08:00 ] 0.0.0.0 POST localhost/dashboard/fastadmin/public/admin/article/test
[运行时间：0.029218s] [吞吐率：34.23req/s] [内存消耗：3,443.68kb] [文件加载：76]
[ info ] [ BEHAVIOR ] Run Closure @app_init [ RunTime:0.000017s ]
[ info ] [ CACHE ] INIT File
[ info ] [ BEHAVIOR ] Run Closure @app_init [ RunTime:0.001036s ]
[ info ] [ LANG ] /Applications/XAMPP/xamppfiles/htdocs/dashboard/fastadmin/thinkphp/lang/zh-cn.php
[ info ] [ ROUTE ] array (
  'type' => 'module',
  'module' => 
  array (
    0 => 'admin',
    1 => 'article',
    2 => 'test',
  ),
)
[ info ] [ HEADER ] array (
  'content-type' => 'multipart/form-data; boundary=--------------------------881706622729511685793124',
  'cache-control' => 'no-cache',
  'postman-token' => 'e8872ce5-5496-4c19-ad3f-8561b8aadebf',
  'user-agent' => 'PostmanRuntime/7.6.0',
  'accept' => '*/*',
  'host' => 'localhost',
  'cookie' => 'PHPSESSID=4511nvufsak5jkbd7gj7e45ok2',
  'accept-encoding' => 'gzip, deflate',
  'content-length' => '232',
  'connection' => 'keep-alive',
)
[ info ] [ PARAM ] array (
  'url' => 'https://news.uestc.edu.cn/?n=UestcNews.Front.Document.ArticlePage&Id=63640',
)
[ info ] [ LANG ] /Applications/XAMPP/xamppfiles/htdocs/dashboard/fastadmin/public/../application/admin/lang/zh-cn.php
[ info ] [ BEHAVIOR ] Run app\common\behavior\Common @module_init [ RunTime:0.001306s ]
[ info ] [ SESSION ] INIT array (
  'id' => '',
  'var_session_id' => '',
  'prefix' => 'think',
  'type' => '',
  'auto_start' => true,
)
[ info ] [ DB ] INIT mysql
[ info ] [ RUN ] app\admin\controller\Article->test[ /Applications/XAMPP/xamppfiles/htdocs/dashboard/fastadmin/application/admin/controller/Article.php ]
[ info ] [ LOG ] INIT File
[ error ] [0]致命错误: Class 'GuzzleHttp\Cilent' not found[/Applications/XAMPP/xamppfiles/htdocs/dashboard/fastadmin/application/admin/model/Article.php:49]
---------------------------------------------------------------
[ 2019-01-23T00:23:38+08:00 ] 0.0.0.0 POST localhost/dashboard/fastadmin/public/admin/article/test
[运行时间：1.442178s] [吞吐率：0.69req/s] [内存消耗：4,150.87kb] [文件加载：104]
[ info ] [ BEHAVIOR ] Run Closure @app_init [ RunTime:0.000029s ]
[ info ] [ CACHE ] INIT File
[ info ] [ BEHAVIOR ] Run Closure @app_init [ RunTime:0.001487s ]
[ info ] [ LANG ] /Applications/XAMPP/xamppfiles/htdocs/dashboard/fastadmin/thinkphp/lang/zh-cn.php
[ info ] [ ROUTE ] array (
  'type' => 'module',
  'module' => 
  array (
    0 => 'admin',
    1 => 'article',
    2 => 'test',
  ),
)
[ info ] [ HEADER ] array (
  'content-type' => 'multipart/form-data; boundary=--------------------------863096145818091773729721',
  'cache-control' => 'no-cache',
  'postman-token' => 'cbe7b063-04d6-43c3-9749-785b93fc93ad',
  'user-agent' => 'PostmanRuntime/7.6.0',
  'accept' => '*/*',
  'host' => 'localhost',
  'cookie' => 'PHPSESSID=4511nvufsak5jkbd7gj7e45ok2',
  'accept-encoding' => 'gzip, deflate',
  'content-length' => '232',
  'connection' => 'keep-alive',
)
[ info ] [ PARAM ] array (
  'url' => 'https://news.uestc.edu.cn/?n=UestcNews.Front.Document.ArticlePage&Id=63640',
)
[ info ] [ LANG ] /Applications/XAMPP/xamppfiles/htdocs/dashboard/fastadmin/public/../application/admin/lang/zh-cn.php
[ info ] [ BEHAVIOR ] Run app\common\behavior\Common @module_init [ RunTime:0.001160s ]
[ info ] [ SESSION ] INIT array (
  'id' => '',
  'var_session_id' => '',
  'prefix' => 'think',
  'type' => '',
  'auto_start' => true,
)
[ info ] [ DB ] INIT mysql
[ info ] [ RUN ] app\admin\controller\Article->test[ /Applications/XAMPP/xamppfiles/htdocs/dashboard/fastadmin/application/admin/controller/Article.php ]
[ info ] [ BEHAVIOR ] Run app\admin\behavior\AdminLog @app_end [ RunTime:0.005468s ]
[ info ] [ LOG ] INIT File
[ sql ] [ DB ] CONNECT:[ UseTime:0.000453s ] mysql:host=127.0.0.1;dbname=fastadmin;charset=utf8
[ sql ] [ SQL ] SHOW COLUMNS FROM `fa_admin_log` [ RunTime:0.002497s ]
[ sql ] [ SQL ] INSERT INTO `fa_admin_log` (`title` , `content` , `url` , `admin_id` , `username` , `useragent` , `ip` , `createtime`) VALUES ('' , '{\"url\":\"https:\\/\\/news.uestc.edu.cn\\/?n=UestcNews.Front.Document.ArticlePage&Id=63640\"}' , '/dashboard/fastadmin/public/admin/article/test' , 0 , 'Unknown' , 'PostmanRuntime/7.6.0' , '0.0.0.0' , 1548174218) [ RunTime:0.001344s ]
---------------------------------------------------------------
[ 2019-01-23T00:24:58+08:00 ] 0.0.0.0 POST localhost/dashboard/fastadmin/public/admin/article/test
[运行时间：0.265453s] [吞吐率：3.77req/s] [内存消耗：4,150.96kb] [文件加载：104]
[ info ] [ BEHAVIOR ] Run Closure @app_init [ RunTime:0.000083s ]
[ info ] [ CACHE ] INIT File
[ info ] [ BEHAVIOR ] Run Closure @app_init [ RunTime:0.002373s ]
[ info ] [ LANG ] /Applications/XAMPP/xamppfiles/htdocs/dashboard/fastadmin/thinkphp/lang/zh-cn.php
[ info ] [ ROUTE ] array (
  'type' => 'module',
  'module' => 
  array (
    0 => 'admin',
    1 => 'article',
    2 => 'test',
  ),
)
[ info ] [ HEADER ] array (
  'content-type' => 'multipart/form-data; boundary=--------------------------717173676956363883581375',
  'cache-control' => 'no-cache',
  'postman-token' => '6d00fe33-0115-4010-a18f-7aaf21d88e38',
  'user-agent' => 'PostmanRuntime/7.6.0',
  'accept' => '*/*',
  'host' => 'localhost',
  'cookie' => 'PHPSESSID=4511nvufsak5jkbd7gj7e45ok2',
  'accept-encoding' => 'gzip, deflate',
  'content-length' => '232',
  'connection' => 'keep-alive',
)
[ info ] [ PARAM ] array (
  'url' => 'https://news.uestc.edu.cn/?n=UestcNews.Front.Document.ArticlePage&Id=63640',
)
[ info ] [ LANG ] /Applications/XAMPP/xamppfiles/htdocs/dashboard/fastadmin/public/../application/admin/lang/zh-cn.php
[ info ] [ BEHAVIOR ] Run app\common\behavior\Common @module_init [ RunTime:0.001390s ]
[ info ] [ SESSION ] INIT array (
  'id' => '',
  'var_session_id' => '',
  'prefix' => 'think',
  'type' => '',
  'auto_start' => true,
)
[ info ] [ DB ] INIT mysql
[ info ] [ RUN ] app\admin\controller\Article->test[ /Applications/XAMPP/xamppfiles/htdocs/dashboard/fastadmin/application/admin/controller/Article.php ]
[ info ] [ BEHAVIOR ] Run app\admin\behavior\AdminLog @app_end [ RunTime:0.005428s ]
[ info ] [ LOG ] INIT File
[ sql ] [ DB ] CONNECT:[ UseTime:0.000558s ] mysql:host=127.0.0.1;dbname=fastadmin;charset=utf8
[ sql ] [ SQL ] SHOW COLUMNS FROM `fa_admin_log` [ RunTime:0.003088s ]
[ sql ] [ SQL ] INSERT INTO `fa_admin_log` (`title` , `content` , `url` , `admin_id` , `username` , `useragent` , `ip` , `createtime`) VALUES ('' , '{\"url\":\"https:\\/\\/news.uestc.edu.cn\\/?n=UestcNews.Front.Document.ArticlePage&Id=63640\"}' , '/dashboard/fastadmin/public/admin/article/test' , 0 , 'Unknown' , 'PostmanRuntime/7.6.0' , '0.0.0.0' , 1548174298) [ RunTime:0.000927s ]
---------------------------------------------------------------
[ 2019-01-23T00:26:27+08:00 ] 0.0.0.0 POST localhost/dashboard/fastadmin/public/admin/article/test
[运行时间：0.224330s] [吞吐率：4.46req/s] [内存消耗：4,286.96kb] [文件加载：104]
[ info ] [ BEHAVIOR ] Run Closure @app_init [ RunTime:0.000022s ]
[ info ] [ CACHE ] INIT File
[ info ] [ BEHAVIOR ] Run Closure @app_init [ RunTime:0.001539s ]
[ info ] [ LANG ] /Applications/XAMPP/xamppfiles/htdocs/dashboard/fastadmin/thinkphp/lang/zh-cn.php
[ info ] [ ROUTE ] array (
  'type' => 'module',
  'module' => 
  array (
    0 => 'admin',
    1 => 'article',
    2 => 'test',
  ),
)
[ info ] [ HEADER ] array (
  'content-type' => 'multipart/form-data; boundary=--------------------------206826001453763252145186',
  'cache-control' => 'no-cache',
  'postman-token' => '53853501-32e1-4573-ba4f-2cb6760a19f5',
  'user-agent' => 'PostmanRuntime/7.6.0',
  'accept' => '*/*',
  'host' => 'localhost',
  'cookie' => 'PHPSESSID=4511nvufsak5jkbd7gj7e45ok2',
  'accept-encoding' => 'gzip, deflate',
  'content-length' => '232',
  'connection' => 'keep-alive',
)
[ info ] [ PARAM ] array (
  'url' => 'https://news.uestc.edu.cn/?n=UestcNews.Front.Document.ArticlePage&Id=63640',
)
[ info ] [ LANG ] /Applications/XAMPP/xamppfiles/htdocs/dashboard/fastadmin/public/../application/admin/lang/zh-cn.php
[ info ] [ BEHAVIOR ] Run app\common\behavior\Common @module_init [ RunTime:0.001768s ]
[ info ] [ SESSION ] INIT array (
  'id' => '',
  'var_session_id' => '',
  'prefix' => 'think',
  'type' => '',
  'auto_start' => true,
)
[ info ] [ DB ] INIT mysql
[ info ] [ RUN ] app\admin\controller\Article->test[ /Applications/XAMPP/xamppfiles/htdocs/dashboard/fastadmin/application/admin/controller/Article.php ]
[ info ] [ BEHAVIOR ] Run app\admin\behavior\AdminLog @app_end [ RunTime:0.006294s ]
[ info ] [ LOG ] INIT File
[ sql ] [ DB ] CONNECT:[ UseTime:0.000753s ] mysql:host=127.0.0.1;dbname=fastadmin;charset=utf8
[ sql ] [ SQL ] SHOW COLUMNS FROM `fa_admin_log` [ RunTime:0.003786s ]
[ sql ] [ SQL ] INSERT INTO `fa_admin_log` (`title` , `content` , `url` , `admin_id` , `username` , `useragent` , `ip` , `createtime`) VALUES ('' , '{\"url\":\"https:\\/\\/news.uestc.edu.cn\\/?n=UestcNews.Front.Document.ArticlePage&Id=63640\"}' , '/dashboard/fastadmin/public/admin/article/test' , 0 , 'Unknown' , 'PostmanRuntime/7.6.0' , '0.0.0.0' , 1548174387) [ RunTime:0.000837s ]
---------------------------------------------------------------
[ 2019-01-23T00:26:51+08:00 ] 0.0.0.0 POST localhost/dashboard/fastadmin/public/admin/article/test
[运行时间：1.011494s] [吞吐率：0.99req/s] [内存消耗：4,167.02kb] [文件加载：104]
[ info ] [ BEHAVIOR ] Run Closure @app_init [ RunTime:0.000024s ]
[ info ] [ CACHE ] INIT File
[ info ] [ BEHAVIOR ] Run Closure @app_init [ RunTime:0.003180s ]
[ info ] [ LANG ] /Applications/XAMPP/xamppfiles/htdocs/dashboard/fastadmin/thinkphp/lang/zh-cn.php
[ info ] [ ROUTE ] array (
  'type' => 'module',
  'module' => 
  array (
    0 => 'admin',
    1 => 'article',
    2 => 'test',
  ),
)
[ info ] [ HEADER ] array (
  'content-type' => 'multipart/form-data; boundary=--------------------------210570957443859941903726',
  'cache-control' => 'no-cache',
  'postman-token' => 'd41a1cea-011f-4122-8d2b-6a11eafae510',
  'user-agent' => 'PostmanRuntime/7.6.0',
  'accept' => '*/*',
  'host' => 'localhost',
  'cookie' => 'PHPSESSID=4511nvufsak5jkbd7gj7e45ok2',
  'accept-encoding' => 'gzip, deflate',
  'content-length' => '232',
  'connection' => 'keep-alive',
)
[ info ] [ PARAM ] array (
  'url' => 'https://news.uestc.edu.cn/?n=UestcNews.Front.Document.ArticlePage&Id=63640',
)
[ info ] [ LANG ] /Applications/XAMPP/xamppfiles/htdocs/dashboard/fastadmin/public/../application/admin/lang/zh-cn.php
[ info ] [ BEHAVIOR ] Run app\common\behavior\Common @module_init [ RunTime:0.002851s ]
[ info ] [ SESSION ] INIT array (
  'id' => '',
  'var_session_id' => '',
  'prefix' => 'think',
  'type' => '',
  'auto_start' => true,
)
[ info ] [ DB ] INIT mysql
[ info ] [ RUN ] app\admin\controller\Article->test[ /Applications/XAMPP/xamppfiles/htdocs/dashboard/fastadmin/application/admin/controller/Article.php ]
[ info ] [ BEHAVIOR ] Run app\admin\behavior\AdminLog @app_end [ RunTime:0.006350s ]
[ info ] [ LOG ] INIT File
[ sql ] [ DB ] CONNECT:[ UseTime:0.000631s ] mysql:host=127.0.0.1;dbname=fastadmin;charset=utf8
[ sql ] [ SQL ] SHOW COLUMNS FROM `fa_admin_log` [ RunTime:0.002989s ]
[ sql ] [ SQL ] INSERT INTO `fa_admin_log` (`title` , `content` , `url` , `admin_id` , `username` , `useragent` , `ip` , `createtime`) VALUES ('' , '{\"url\":\"https:\\/\\/news.uestc.edu.cn\\/?n=UestcNews.Front.Document.ArticlePage&Id=63640\"}' , '/dashboard/fastadmin/public/admin/article/test' , 0 , 'Unknown' , 'PostmanRuntime/7.6.0' , '0.0.0.0' , 1548174411) [ RunTime:0.000890s ]
---------------------------------------------------------------
[ 2019-01-23T00:43:51+08:00 ] 0.0.0.0 GET localhost/dashboard/fastadmin/public/admin/article?ref=addtabs
[运行时间：0.085223s] [吞吐率：11.73req/s] [内存消耗：3,410.92kb] [文件加载：74]
[ info ] [ BEHAVIOR ] Run Closure @app_init [ RunTime:0.000028s ]
[ info ] [ CACHE ] INIT File
[ info ] [ BEHAVIOR ] Run Closure @app_init [ RunTime:0.003502s ]
[ info ] [ LANG ] /Applications/XAMPP/xamppfiles/htdocs/dashboard/fastadmin/thinkphp/lang/zh-cn.php
[ info ] [ ROUTE ] array (
  'type' => 'module',
  'module' => 
  array (
    0 => 'admin',
    1 => 'article',
    2 => NULL,
  ),
)
[ info ] [ HEADER ] array (
  'host' => 'localhost',
  'connection' => 'keep-alive',
  'cache-control' => 'max-age=0',
  'upgrade-insecure-requests' => '1',
  'user-agent' => 'Mozilla/5.0 (Macintosh; Intel Mac OS X 10_13_2) AppleWebKit/537.36 (KHTML, like Gecko) Chrome/71.0.3578.98 Safari/537.36',
  'accept' => 'text/html,application/xhtml+xml,application/xml;q=0.9,image/webp,image/apng,*/*;q=0.8',
  'referer' => 'http://localhost/dashboard/fastadmin/public/admin/index/login.html',
  'accept-encoding' => 'gzip, deflate, br',
  'accept-language' => 'en,zh-CN;q=0.9,zh;q=0.8',
  'cookie' => 'PHPSESSID=imqv4j9b44fegrqt55g29i8ae3; Idea-baf31b5d=6084d129-02d8-43f9-a4e2-761fee7b6098; emVY7c_admin_username=admin; think_var=zh-cn; Hm_lvt_f8d0a8c400404989e195270b0bbf060a=1548135313; keeplogin=3%7C86400%7C1548226923%7C64e235bc7e87379b0b0bc35f483b305b; Hm_lpvt_f8d0a8c400404989e195270b0bbf060a=1548142656',
)
[ info ] [ PARAM ] array (
  'ref' => 'addtabs',
)
[ info ] [ LANG ] /Applications/XAMPP/xamppfiles/htdocs/dashboard/fastadmin/public/../application/admin/lang/zh-cn.php
[ info ] [ BEHAVIOR ] Run app\common\behavior\Common @module_init [ RunTime:0.002423s ]
[ info ] [ SESSION ] INIT array (
  'id' => '',
  'var_session_id' => '',
  'prefix' => 'think',
  'type' => '',
  'auto_start' => true,
)
[ info ] [ DB ] INIT mysql
[ info ] [ BEHAVIOR ] Run app\admin\behavior\AdminLog @app_end [ RunTime:0.000612s ]
[ info ] [ LOG ] INIT File
[ sql ] [ DB ] CONNECT:[ UseTime:0.000866s ] mysql:host=127.0.0.1;dbname=fastadmin;charset=utf8
[ sql ] [ SQL ] SHOW COLUMNS FROM `fa_auth_group_access` [ RunTime:0.005518s ]
[ sql ] [ SQL ] SELECT `aga`.`uid`,`aga`.`group_id`,`ag`.`id`,`ag`.`pid`,`ag`.`name`,`ag`.`rules` FROM `fa_auth_group_access` `aga` LEFT JOIN `fa_auth_group` `ag` ON `aga`.`group_id`=`ag`.`id` WHERE  (  aga.uid='3' and ag.status='normal' ) [ RunTime:0.000896s ]
[ sql ] [ SQL ] SHOW COLUMNS FROM `fa_auth_rule` [ RunTime:0.003231s ]
[ sql ] [ SQL ] SELECT `id`,`pid`,`condition`,`icon`,`name`,`title`,`ismenu` FROM `fa_auth_rule` WHERE  `status` = 'normal'  AND `id` IN (90,91,92,93,94,95,96,97,98,99,100,101) [ RunTime:0.001060s ]
---------------------------------------------------------------
[ 2019-01-23T00:43:51+08:00 ] 0.0.0.0 GET localhost/dashboard/fastadmin/public/admin/index/index
[运行时间：0.079956s] [吞吐率：12.51req/s] [内存消耗：3,957.40kb] [文件加载：89]
[ info ] [ BEHAVIOR ] Run Closure @app_init [ RunTime:0.000021s ]
[ info ] [ CACHE ] INIT File
[ info ] [ BEHAVIOR ] Run Closure @app_init [ RunTime:0.001069s ]
[ info ] [ LANG ] /Applications/XAMPP/xamppfiles/htdocs/dashboard/fastadmin/thinkphp/lang/zh-cn.php
[ info ] [ ROUTE ] array (
  'type' => 'module',
  'module' => 
  array (
    0 => 'admin',
    1 => 'index',
    2 => 'index',
  ),
)
[ info ] [ HEADER ] array (
  'host' => 'localhost',
  'connection' => 'keep-alive',
  'cache-control' => 'max-age=0',
  'upgrade-insecure-requests' => '1',
  'user-agent' => 'Mozilla/5.0 (Macintosh; Intel Mac OS X 10_13_2) AppleWebKit/537.36 (KHTML, like Gecko) Chrome/71.0.3578.98 Safari/537.36',
  'accept' => 'text/html,application/xhtml+xml,application/xml;q=0.9,image/webp,image/apng,*/*;q=0.8',
  'referer' => 'http://localhost/dashboard/fastadmin/public/admin/index/login.html',
  'accept-encoding' => 'gzip, deflate, br',
  'accept-language' => 'en,zh-CN;q=0.9,zh;q=0.8',
  'cookie' => 'PHPSESSID=imqv4j9b44fegrqt55g29i8ae3; Idea-baf31b5d=6084d129-02d8-43f9-a4e2-761fee7b6098; emVY7c_admin_username=admin; think_var=zh-cn; Hm_lvt_f8d0a8c400404989e195270b0bbf060a=1548135313; keeplogin=3%7C86400%7C1548226923%7C64e235bc7e87379b0b0bc35f483b305b; Hm_lpvt_f8d0a8c400404989e195270b0bbf060a=1548142656',
)
[ info ] [ PARAM ] array (
)
[ info ] [ LANG ] /Applications/XAMPP/xamppfiles/htdocs/dashboard/fastadmin/public/../application/admin/lang/zh-cn.php
[ info ] [ BEHAVIOR ] Run app\common\behavior\Common @module_init [ RunTime:0.001111s ]
[ info ] [ SESSION ] INIT array (
  'id' => '',
  'var_session_id' => '',
  'prefix' => 'think',
  'type' => '',
  'auto_start' => true,
)
[ info ] [ LANG ] /Applications/XAMPP/xamppfiles/htdocs/dashboard/fastadmin/public/../application/admin/lang/zh-cn/index.php
[ info ] [ RUN ] app\admin\controller\Index->index[ /Applications/XAMPP/xamppfiles/htdocs/dashboard/fastadmin/application/admin/controller/Index.php ]
[ info ] [ DB ] INIT mysql
[ info ] [ VIEW ] /Applications/XAMPP/xamppfiles/htdocs/dashboard/fastadmin/public/../application/admin/view/index/index.html [ array (
  0 => 'breadcrumb',
  1 => 'site',
  2 => 'config',
  3 => 'auth',
  4 => 'admin',
  5 => 'menulist',
  6 => 'navlist',
  7 => 'fixedmenu',
  8 => 'referermenu',
  9 => 'title',
) ]
[ info ] [ BEHAVIOR ] Run app\admin\behavior\AdminLog @app_end [ RunTime:0.000083s ]
[ info ] [ LOG ] INIT File
[ sql ] [ DB ] CONNECT:[ UseTime:0.000686s ] mysql:host=127.0.0.1;dbname=fastadmin;charset=utf8
[ sql ] [ SQL ] SHOW COLUMNS FROM `fa_auth_group_access` [ RunTime:0.003685s ]
[ sql ] [ SQL ] SELECT `aga`.`uid`,`aga`.`group_id`,`ag`.`id`,`ag`.`pid`,`ag`.`name`,`ag`.`rules` FROM `fa_auth_group_access` `aga` LEFT JOIN `fa_auth_group` `ag` ON `aga`.`group_id`=`ag`.`id` WHERE  (  aga.uid='3' and ag.status='normal' ) [ RunTime:0.000658s ]
[ sql ] [ SQL ] SHOW COLUMNS FROM `fa_auth_rule` [ RunTime:0.003362s ]
[ sql ] [ SQL ] SELECT `id`,`pid`,`condition`,`icon`,`name`,`title`,`ismenu` FROM `fa_auth_rule` WHERE  `status` = 'normal'  AND `id` IN (90,91,92,93,94,95,96,97,98,99,100,101) [ RunTime:0.000723s ]
---------------------------------------------------------------
[ 2019-01-23T00:43:51+08:00 ] 0.0.0.0 GET localhost/dashboard/fastadmin/public/admin/article?addtabs=1
[运行时间：0.048048s] [吞吐率：20.81req/s] [内存消耗：3,736.79kb] [文件加载：77]
[ info ] [ BEHAVIOR ] Run Closure @app_init [ RunTime:0.000026s ]
[ info ] [ CACHE ] INIT File
[ info ] [ BEHAVIOR ] Run Closure @app_init [ RunTime:0.001046s ]
[ info ] [ LANG ] /Applications/XAMPP/xamppfiles/htdocs/dashboard/fastadmin/thinkphp/lang/zh-cn.php
[ info ] [ ROUTE ] array (
  'type' => 'module',
  'module' => 
  array (
    0 => 'admin',
    1 => 'article',
    2 => NULL,
  ),
)
[ info ] [ HEADER ] array (
  'host' => 'localhost',
  'connection' => 'keep-alive',
  'upgrade-insecure-requests' => '1',
  'user-agent' => 'Mozilla/5.0 (Macintosh; Intel Mac OS X 10_13_2) AppleWebKit/537.36 (KHTML, like Gecko) Chrome/71.0.3578.98 Safari/537.36',
  'accept' => 'text/html,application/xhtml+xml,application/xml;q=0.9,image/webp,image/apng,*/*;q=0.8',
  'referer' => 'http://localhost/dashboard/fastadmin/public/admin/index/index',
  'accept-encoding' => 'gzip, deflate, br',
  'accept-language' => 'en,zh-CN;q=0.9,zh;q=0.8',
  'cookie' => 'PHPSESSID=imqv4j9b44fegrqt55g29i8ae3; Idea-baf31b5d=6084d129-02d8-43f9-a4e2-761fee7b6098; emVY7c_admin_username=admin; think_var=zh-cn; Hm_lvt_f8d0a8c400404989e195270b0bbf060a=1548135313; keeplogin=3%7C86400%7C1548226923%7C64e235bc7e87379b0b0bc35f483b305b; Hm_lpvt_f8d0a8c400404989e195270b0bbf060a=1548142656',
)
[ info ] [ PARAM ] array (
  'addtabs' => '1',
)
[ info ] [ LANG ] /Applications/XAMPP/xamppfiles/htdocs/dashboard/fastadmin/public/../application/admin/lang/zh-cn.php
[ info ] [ BEHAVIOR ] Run app\common\behavior\Common @module_init [ RunTime:0.001290s ]
[ info ] [ SESSION ] INIT array (
  'id' => '',
  'var_session_id' => '',
  'prefix' => 'think',
  'type' => '',
  'auto_start' => true,
)
[ info ] [ DB ] INIT mysql
[ info ] [ RUN ] app\admin\controller\Article->index[ /Applications/XAMPP/xamppfiles/htdocs/dashboard/fastadmin/application/admin/controller/Article.php ]
[ info ] [ VIEW ] /Applications/XAMPP/xamppfiles/htdocs/dashboard/fastadmin/public/../application/admin/view/article/index.html [ array (
  0 => 'breadcrumb',
  1 => 'site',
  2 => 'config',
  3 => 'auth',
  4 => 'admin',
) ]
[ info ] [ BEHAVIOR ] Run app\admin\behavior\AdminLog @app_end [ RunTime:0.000195s ]
[ info ] [ LOG ] INIT File
[ sql ] [ DB ] CONNECT:[ UseTime:0.000685s ] mysql:host=127.0.0.1;dbname=fastadmin;charset=utf8
[ sql ] [ SQL ] SHOW COLUMNS FROM `fa_auth_group_access` [ RunTime:0.002768s ]
[ sql ] [ SQL ] SELECT `aga`.`uid`,`aga`.`group_id`,`ag`.`id`,`ag`.`pid`,`ag`.`name`,`ag`.`rules` FROM `fa_auth_group_access` `aga` LEFT JOIN `fa_auth_group` `ag` ON `aga`.`group_id`=`ag`.`id` WHERE  (  aga.uid='3' and ag.status='normal' ) [ RunTime:0.000541s ]
[ sql ] [ SQL ] SHOW COLUMNS FROM `fa_auth_rule` [ RunTime:0.003123s ]
[ sql ] [ SQL ] SELECT `id`,`pid`,`condition`,`icon`,`name`,`title`,`ismenu` FROM `fa_auth_rule` WHERE  `status` = 'normal'  AND `id` IN (90,91,92,93,94,95,96,97,98,99,100,101) [ RunTime:0.000680s ]
[ sql ] [ SQL ] SELECT `title`,`remark` FROM `fa_auth_rule` WHERE  `name` = 'article' LIMIT 1 [ RunTime:0.000994s ]
---------------------------------------------------------------
[ 2019-01-23T00:43:51+08:00 ] 0.0.0.0 GET localhost/dashboard/fastadmin/public/admin/ajax/lang?callback=define&controllername=index&v=1548175431
[运行时间：0.035600s] [吞吐率：28.09req/s] [内存消耗：2,938.50kb] [文件加载：70]
[ info ] [ BEHAVIOR ] Run Closure @app_init [ RunTime:0.000025s ]
[ info ] [ CACHE ] INIT File
[ info ] [ BEHAVIOR ] Run Closure @app_init [ RunTime:0.001542s ]
[ info ] [ LANG ] /Applications/XAMPP/xamppfiles/htdocs/dashboard/fastadmin/thinkphp/lang/zh-cn.php
[ info ] [ ROUTE ] array (
  'type' => 'module',
  'module' => 
  array (
    0 => 'admin',
    1 => 'ajax',
    2 => 'lang',
  ),
)
[ info ] [ HEADER ] array (
  'host' => 'localhost',
  'connection' => 'keep-alive',
  'user-agent' => 'Mozilla/5.0 (Macintosh; Intel Mac OS X 10_13_2) AppleWebKit/537.36 (KHTML, like Gecko) Chrome/71.0.3578.98 Safari/537.36',
  'accept' => '*/*',
  'referer' => 'http://localhost/dashboard/fastadmin/public/admin/index/index',
  'accept-encoding' => 'gzip, deflate, br',
  'accept-language' => 'en,zh-CN;q=0.9,zh;q=0.8',
  'cookie' => 'PHPSESSID=imqv4j9b44fegrqt55g29i8ae3; Idea-baf31b5d=6084d129-02d8-43f9-a4e2-761fee7b6098; emVY7c_admin_username=admin; think_var=zh-cn; Hm_lvt_f8d0a8c400404989e195270b0bbf060a=1548135313; keeplogin=3%7C86400%7C1548226923%7C64e235bc7e87379b0b0bc35f483b305b; Hm_lpvt_f8d0a8c400404989e195270b0bbf060a=1548142656',
)
[ info ] [ PARAM ] array (
  'callback' => 'define',
  'controllername' => 'index',
  'v' => '1548175431',
)
[ info ] [ LANG ] /Applications/XAMPP/xamppfiles/htdocs/dashboard/fastadmin/public/../application/admin/lang/zh-cn.php
[ info ] [ BEHAVIOR ] Run app\common\behavior\Common @module_init [ RunTime:0.001922s ]
[ info ] [ SESSION ] INIT array (
  'id' => '',
  'var_session_id' => '',
  'prefix' => 'think',
  'type' => '',
  'auto_start' => true,
)
[ info ] [ LANG ] /Applications/XAMPP/xamppfiles/htdocs/dashboard/fastadmin/public/../application/admin/lang/zh-cn/ajax.php
[ info ] [ RUN ] app\admin\controller\Ajax->lang[ /Applications/XAMPP/xamppfiles/htdocs/dashboard/fastadmin/application/admin/controller/Ajax.php ]
[ info ] [ LANG ] /Applications/XAMPP/xamppfiles/htdocs/dashboard/fastadmin/public/../application/admin/lang/zh-cn/index.php
[ info ] [ BEHAVIOR ] Run app\admin\behavior\AdminLog @app_end [ RunTime:0.000122s ]
[ info ] [ LOG ] INIT File
---------------------------------------------------------------
[ 2019-01-23T00:43:51+08:00 ] 0.0.0.0 GET localhost/dashboard/fastadmin/public/admin/ajax/lang?callback=define&controllername=article&v=1548175431
[运行时间：0.027899s] [吞吐率：35.84req/s] [内存消耗：2,932.64kb] [文件加载：69]
[ info ] [ BEHAVIOR ] Run Closure @app_init [ RunTime:0.000022s ]
[ info ] [ CACHE ] INIT File
[ info ] [ BEHAVIOR ] Run Closure @app_init [ RunTime:0.001115s ]
[ info ] [ LANG ] /Applications/XAMPP/xamppfiles/htdocs/dashboard/fastadmin/thinkphp/lang/zh-cn.php
[ info ] [ ROUTE ] array (
  'type' => 'module',
  'module' => 
  array (
    0 => 'admin',
    1 => 'ajax',
    2 => 'lang',
  ),
)
[ info ] [ HEADER ] array (
  'host' => 'localhost',
  'connection' => 'keep-alive',
  'user-agent' => 'Mozilla/5.0 (Macintosh; Intel Mac OS X 10_13_2) AppleWebKit/537.36 (KHTML, like Gecko) Chrome/71.0.3578.98 Safari/537.36',
  'accept' => '*/*',
  'referer' => 'http://localhost/dashboard/fastadmin/public/admin/article?addtabs=1',
  'accept-encoding' => 'gzip, deflate, br',
  'accept-language' => 'en,zh-CN;q=0.9,zh;q=0.8',
  'cookie' => 'PHPSESSID=imqv4j9b44fegrqt55g29i8ae3; Idea-baf31b5d=6084d129-02d8-43f9-a4e2-761fee7b6098; emVY7c_admin_username=admin; think_var=zh-cn; Hm_lvt_f8d0a8c400404989e195270b0bbf060a=1548135313; keeplogin=3%7C86400%7C1548226923%7C64e235bc7e87379b0b0bc35f483b305b; Hm_lpvt_f8d0a8c400404989e195270b0bbf060a=1548142656',
)
[ info ] [ PARAM ] array (
  'callback' => 'define',
  'controllername' => 'article',
  'v' => '1548175431',
)
[ info ] [ LANG ] /Applications/XAMPP/xamppfiles/htdocs/dashboard/fastadmin/public/../application/admin/lang/zh-cn.php
[ info ] [ BEHAVIOR ] Run app\common\behavior\Common @module_init [ RunTime:0.001245s ]
[ info ] [ SESSION ] INIT array (
  'id' => '',
  'var_session_id' => '',
  'prefix' => 'think',
  'type' => '',
  'auto_start' => true,
)
[ info ] [ LANG ] /Applications/XAMPP/xamppfiles/htdocs/dashboard/fastadmin/public/../application/admin/lang/zh-cn/ajax.php
[ info ] [ RUN ] app\admin\controller\Ajax->lang[ /Applications/XAMPP/xamppfiles/htdocs/dashboard/fastadmin/application/admin/controller/Ajax.php ]
[ info ] [ BEHAVIOR ] Run app\admin\behavior\AdminLog @app_end [ RunTime:0.000090s ]
[ info ] [ LOG ] INIT File
---------------------------------------------------------------
[ 2019-01-23T00:43:52+08:00 ] 0.0.0.0 GET localhost/dashboard/fastadmin/public/admin/article/index?sort=id&order=desc&offset=0&limit=10&filter=%7B%7D&op=%7B%7D&_=1548175431804
[运行时间：0.050119s] [吞吐率：19.95req/s] [内存消耗：3,847.17kb] [文件加载：79]
[ info ] [ BEHAVIOR ] Run Closure @app_init [ RunTime:0.000020s ]
[ info ] [ CACHE ] INIT File
[ info ] [ BEHAVIOR ] Run Closure @app_init [ RunTime:0.000954s ]
[ info ] [ LANG ] /Applications/XAMPP/xamppfiles/htdocs/dashboard/fastadmin/thinkphp/lang/zh-cn.php
[ info ] [ ROUTE ] array (
  'type' => 'module',
  'module' => 
  array (
    0 => 'admin',
    1 => 'article',
    2 => 'index',
  ),
)
[ info ] [ HEADER ] array (
  'host' => 'localhost',
  'connection' => 'keep-alive',
  'accept' => 'application/json, text/javascript, */*; q=0.01',
  'x-requested-with' => 'XMLHttpRequest',
  'user-agent' => 'Mozilla/5.0 (Macintosh; Intel Mac OS X 10_13_2) AppleWebKit/537.36 (KHTML, like Gecko) Chrome/71.0.3578.98 Safari/537.36',
  'content-type' => 'application/json',
  'referer' => 'http://localhost/dashboard/fastadmin/public/admin/article?addtabs=1',
  'accept-encoding' => 'gzip, deflate, br',
  'accept-language' => 'en,zh-CN;q=0.9,zh;q=0.8',
  'cookie' => 'PHPSESSID=imqv4j9b44fegrqt55g29i8ae3; Idea-baf31b5d=6084d129-02d8-43f9-a4e2-761fee7b6098; emVY7c_admin_username=admin; think_var=zh-cn; Hm_lvt_f8d0a8c400404989e195270b0bbf060a=1548135313; keeplogin=3%7C86400%7C1548226923%7C64e235bc7e87379b0b0bc35f483b305b; Hm_lpvt_f8d0a8c400404989e195270b0bbf060a=1548142656',
)
[ info ] [ PARAM ] array (
  'sort' => 'id',
  'order' => 'desc',
  'offset' => '0',
  'limit' => '10',
  'filter' => '{}',
  'op' => '{}',
  '_' => '1548175431804',
)
[ info ] [ LANG ] /Applications/XAMPP/xamppfiles/htdocs/dashboard/fastadmin/public/../application/admin/lang/zh-cn.php
[ info ] [ BEHAVIOR ] Run app\common\behavior\Common @module_init [ RunTime:0.001670s ]
[ info ] [ SESSION ] INIT array (
  'id' => '',
  'var_session_id' => '',
  'prefix' => 'think',
  'type' => '',
  'auto_start' => true,
)
[ info ] [ DB ] INIT mysql
[ info ] [ RUN ] app\admin\controller\Article->index[ /Applications/XAMPP/xamppfiles/htdocs/dashboard/fastadmin/application/admin/controller/Article.php ]
[ info ] [ BEHAVIOR ] Run app\admin\behavior\AdminLog @app_end [ RunTime:0.000143s ]
[ info ] [ LOG ] INIT File
[ sql ] [ DB ] CONNECT:[ UseTime:0.000502s ] mysql:host=127.0.0.1;dbname=fastadmin;charset=utf8
[ sql ] [ SQL ] SHOW COLUMNS FROM `fa_auth_group_access` [ RunTime:0.002969s ]
[ sql ] [ SQL ] SELECT `aga`.`uid`,`aga`.`group_id`,`ag`.`id`,`ag`.`pid`,`ag`.`name`,`ag`.`rules` FROM `fa_auth_group_access` `aga` LEFT JOIN `fa_auth_group` `ag` ON `aga`.`group_id`=`ag`.`id` WHERE  (  aga.uid='3' and ag.status='normal' ) [ RunTime:0.000702s ]
[ sql ] [ SQL ] SHOW COLUMNS FROM `fa_auth_rule` [ RunTime:0.002953s ]
[ sql ] [ SQL ] SELECT `id`,`pid`,`condition`,`icon`,`name`,`title`,`ismenu` FROM `fa_auth_rule` WHERE  `status` = 'normal'  AND `id` IN (90,91,92,93,94,95,96,97,98,99,100,101) [ RunTime:0.000798s ]
[ sql ] [ SQL ] SHOW COLUMNS FROM `fa_article` [ RunTime:0.003620s ]
[ sql ] [ SQL ] SELECT COUNT(*) AS tp_count FROM `fa_article` ORDER BY `id` DESC LIMIT 1 [ RunTime:0.000448s ]
[ sql ] [ SQL ] SELECT * FROM `fa_article` ORDER BY `id` DESC LIMIT 0,10 [ RunTime:0.000541s ]
---------------------------------------------------------------
[ 2019-01-23T00:43:52+08:00 ] 0.0.0.0 GET localhost/dashboard/fastadmin/public/admin/article/index?sort=id&order=desc&offset=0&limit=10&filter=%7B%7D&op=%7B%7D&_=1548175431805
[运行时间：0.060574s] [吞吐率：16.51req/s] [内存消耗：3,847.17kb] [文件加载：79]
[ info ] [ BEHAVIOR ] Run Closure @app_init [ RunTime:0.000038s ]
[ info ] [ CACHE ] INIT File
[ info ] [ BEHAVIOR ] Run Closure @app_init [ RunTime:0.001233s ]
[ info ] [ LANG ] /Applications/XAMPP/xamppfiles/htdocs/dashboard/fastadmin/thinkphp/lang/zh-cn.php
[ info ] [ ROUTE ] array (
  'type' => 'module',
  'module' => 
  array (
    0 => 'admin',
    1 => 'article',
    2 => 'index',
  ),
)
[ info ] [ HEADER ] array (
  'host' => 'localhost',
  'connection' => 'keep-alive',
  'accept' => 'application/json, text/javascript, */*; q=0.01',
  'x-requested-with' => 'XMLHttpRequest',
  'user-agent' => 'Mozilla/5.0 (Macintosh; Intel Mac OS X 10_13_2) AppleWebKit/537.36 (KHTML, like Gecko) Chrome/71.0.3578.98 Safari/537.36',
  'content-type' => 'application/json',
  'referer' => 'http://localhost/dashboard/fastadmin/public/admin/article?addtabs=1',
  'accept-encoding' => 'gzip, deflate, br',
  'accept-language' => 'en,zh-CN;q=0.9,zh;q=0.8',
  'cookie' => 'PHPSESSID=imqv4j9b44fegrqt55g29i8ae3; Idea-baf31b5d=6084d129-02d8-43f9-a4e2-761fee7b6098; emVY7c_admin_username=admin; think_var=zh-cn; Hm_lvt_f8d0a8c400404989e195270b0bbf060a=1548135313; keeplogin=3%7C86400%7C1548226923%7C64e235bc7e87379b0b0bc35f483b305b; Hm_lpvt_f8d0a8c400404989e195270b0bbf060a=1548142656',
)
[ info ] [ PARAM ] array (
  'sort' => 'id',
  'order' => 'desc',
  'offset' => '0',
  'limit' => '10',
  'filter' => '{}',
  'op' => '{}',
  '_' => '1548175431805',
)
[ info ] [ LANG ] /Applications/XAMPP/xamppfiles/htdocs/dashboard/fastadmin/public/../application/admin/lang/zh-cn.php
[ info ] [ BEHAVIOR ] Run app\common\behavior\Common @module_init [ RunTime:0.001728s ]
[ info ] [ SESSION ] INIT array (
  'id' => '',
  'var_session_id' => '',
  'prefix' => 'think',
  'type' => '',
  'auto_start' => true,
)
[ info ] [ DB ] INIT mysql
[ info ] [ RUN ] app\admin\controller\Article->index[ /Applications/XAMPP/xamppfiles/htdocs/dashboard/fastadmin/application/admin/controller/Article.php ]
[ info ] [ BEHAVIOR ] Run app\admin\behavior\AdminLog @app_end [ RunTime:0.000141s ]
[ info ] [ LOG ] INIT File
[ sql ] [ DB ] CONNECT:[ UseTime:0.000588s ] mysql:host=127.0.0.1;dbname=fastadmin;charset=utf8
[ sql ] [ SQL ] SHOW COLUMNS FROM `fa_auth_group_access` [ RunTime:0.003104s ]
[ sql ] [ SQL ] SELECT `aga`.`uid`,`aga`.`group_id`,`ag`.`id`,`ag`.`pid`,`ag`.`name`,`ag`.`rules` FROM `fa_auth_group_access` `aga` LEFT JOIN `fa_auth_group` `ag` ON `aga`.`group_id`=`ag`.`id` WHERE  (  aga.uid='3' and ag.status='normal' ) [ RunTime:0.000646s ]
[ sql ] [ SQL ] SHOW COLUMNS FROM `fa_auth_rule` [ RunTime:0.002704s ]
[ sql ] [ SQL ] SELECT `id`,`pid`,`condition`,`icon`,`name`,`title`,`ismenu` FROM `fa_auth_rule` WHERE  `status` = 'normal'  AND `id` IN (90,91,92,93,94,95,96,97,98,99,100,101) [ RunTime:0.000693s ]
[ sql ] [ SQL ] SHOW COLUMNS FROM `fa_article` [ RunTime:0.003637s ]
[ sql ] [ SQL ] SELECT COUNT(*) AS tp_count FROM `fa_article` ORDER BY `id` DESC LIMIT 1 [ RunTime:0.000547s ]
[ sql ] [ SQL ] SELECT * FROM `fa_article` ORDER BY `id` DESC LIMIT 0,10 [ RunTime:0.000493s ]
---------------------------------------------------------------
[ 2019-01-23T00:43:52+08:00 ] 0.0.0.0 GET localhost/dashboard/fastadmin/public/admin/article/index?sort=id&order=desc&offset=0&limit=10&filter=%7B%7D&op=%7B%7D&_=1548175431806
[运行时间：0.069576s] [吞吐率：14.37req/s] [内存消耗：3,847.17kb] [文件加载：79]
[ info ] [ BEHAVIOR ] Run Closure @app_init [ RunTime:0.000031s ]
[ info ] [ CACHE ] INIT File
[ info ] [ BEHAVIOR ] Run Closure @app_init [ RunTime:0.001454s ]
[ info ] [ LANG ] /Applications/XAMPP/xamppfiles/htdocs/dashboard/fastadmin/thinkphp/lang/zh-cn.php
[ info ] [ ROUTE ] array (
  'type' => 'module',
  'module' => 
  array (
    0 => 'admin',
    1 => 'article',
    2 => 'index',
  ),
)
[ info ] [ HEADER ] array (
  'host' => 'localhost',
  'connection' => 'keep-alive',
  'accept' => 'application/json, text/javascript, */*; q=0.01',
  'x-requested-with' => 'XMLHttpRequest',
  'user-agent' => 'Mozilla/5.0 (Macintosh; Intel Mac OS X 10_13_2) AppleWebKit/537.36 (KHTML, like Gecko) Chrome/71.0.3578.98 Safari/537.36',
  'content-type' => 'application/json',
  'referer' => 'http://localhost/dashboard/fastadmin/public/admin/article?addtabs=1',
  'accept-encoding' => 'gzip, deflate, br',
  'accept-language' => 'en,zh-CN;q=0.9,zh;q=0.8',
  'cookie' => 'PHPSESSID=imqv4j9b44fegrqt55g29i8ae3; Idea-baf31b5d=6084d129-02d8-43f9-a4e2-761fee7b6098; emVY7c_admin_username=admin; think_var=zh-cn; Hm_lvt_f8d0a8c400404989e195270b0bbf060a=1548135313; keeplogin=3%7C86400%7C1548226923%7C64e235bc7e87379b0b0bc35f483b305b; Hm_lpvt_f8d0a8c400404989e195270b0bbf060a=1548142656',
)
[ info ] [ PARAM ] array (
  'sort' => 'id',
  'order' => 'desc',
  'offset' => '0',
  'limit' => '10',
  'filter' => '{}',
  'op' => '{}',
  '_' => '1548175431806',
)
[ info ] [ LANG ] /Applications/XAMPP/xamppfiles/htdocs/dashboard/fastadmin/public/../application/admin/lang/zh-cn.php
[ info ] [ BEHAVIOR ] Run app\common\behavior\Common @module_init [ RunTime:0.001456s ]
[ info ] [ SESSION ] INIT array (
  'id' => '',
  'var_session_id' => '',
  'prefix' => 'think',
  'type' => '',
  'auto_start' => true,
)
[ info ] [ DB ] INIT mysql
[ info ] [ RUN ] app\admin\controller\Article->index[ /Applications/XAMPP/xamppfiles/htdocs/dashboard/fastadmin/application/admin/controller/Article.php ]
[ info ] [ BEHAVIOR ] Run app\admin\behavior\AdminLog @app_end [ RunTime:0.000085s ]
[ info ] [ LOG ] INIT File
[ sql ] [ DB ] CONNECT:[ UseTime:0.000781s ] mysql:host=127.0.0.1;dbname=fastadmin;charset=utf8
[ sql ] [ SQL ] SHOW COLUMNS FROM `fa_auth_group_access` [ RunTime:0.003569s ]
[ sql ] [ SQL ] SELECT `aga`.`uid`,`aga`.`group_id`,`ag`.`id`,`ag`.`pid`,`ag`.`name`,`ag`.`rules` FROM `fa_auth_group_access` `aga` LEFT JOIN `fa_auth_group` `ag` ON `aga`.`group_id`=`ag`.`id` WHERE  (  aga.uid='3' and ag.status='normal' ) [ RunTime:0.001099s ]
[ sql ] [ SQL ] SHOW COLUMNS FROM `fa_auth_rule` [ RunTime:0.003621s ]
[ sql ] [ SQL ] SELECT `id`,`pid`,`condition`,`icon`,`name`,`title`,`ismenu` FROM `fa_auth_rule` WHERE  `status` = 'normal'  AND `id` IN (90,91,92,93,94,95,96,97,98,99,100,101) [ RunTime:0.000890s ]
[ sql ] [ SQL ] SHOW COLUMNS FROM `fa_article` [ RunTime:0.003236s ]
[ sql ] [ SQL ] SELECT COUNT(*) AS tp_count FROM `fa_article` ORDER BY `id` DESC LIMIT 1 [ RunTime:0.000601s ]
[ sql ] [ SQL ] SELECT * FROM `fa_article` ORDER BY `id` DESC LIMIT 0,10 [ RunTime:0.000777s ]
---------------------------------------------------------------
[ 2019-01-23T00:43:54+08:00 ] 0.0.0.0 GET localhost/dashboard/fastadmin/public/admin/article/add?dialog=1
[运行时间：0.053420s] [吞吐率：18.72req/s] [内存消耗：3,747.75kb] [文件加载：77]
[ info ] [ BEHAVIOR ] Run Closure @app_init [ RunTime:0.000022s ]
[ info ] [ CACHE ] INIT File
[ info ] [ BEHAVIOR ] Run Closure @app_init [ RunTime:0.001462s ]
[ info ] [ LANG ] /Applications/XAMPP/xamppfiles/htdocs/dashboard/fastadmin/thinkphp/lang/zh-cn.php
[ info ] [ ROUTE ] array (
  'type' => 'module',
  'module' => 
  array (
    0 => 'admin',
    1 => 'article',
    2 => 'add',
  ),
)
[ info ] [ HEADER ] array (
  'host' => 'localhost',
  'connection' => 'keep-alive',
  'upgrade-insecure-requests' => '1',
  'user-agent' => 'Mozilla/5.0 (Macintosh; Intel Mac OS X 10_13_2) AppleWebKit/537.36 (KHTML, like Gecko) Chrome/71.0.3578.98 Safari/537.36',
  'accept' => 'text/html,application/xhtml+xml,application/xml;q=0.9,image/webp,image/apng,*/*;q=0.8',
  'referer' => 'http://localhost/dashboard/fastadmin/public/admin/article?addtabs=1',
  'accept-encoding' => 'gzip, deflate, br',
  'accept-language' => 'en,zh-CN;q=0.9,zh;q=0.8',
  'cookie' => 'PHPSESSID=imqv4j9b44fegrqt55g29i8ae3; Idea-baf31b5d=6084d129-02d8-43f9-a4e2-761fee7b6098; emVY7c_admin_username=admin; think_var=zh-cn; Hm_lvt_f8d0a8c400404989e195270b0bbf060a=1548135313; keeplogin=3%7C86400%7C1548226923%7C64e235bc7e87379b0b0bc35f483b305b; Hm_lpvt_f8d0a8c400404989e195270b0bbf060a=1548142656',
)
[ info ] [ PARAM ] array (
  'dialog' => '1',
)
[ info ] [ LANG ] /Applications/XAMPP/xamppfiles/htdocs/dashboard/fastadmin/public/../application/admin/lang/zh-cn.php
[ info ] [ BEHAVIOR ] Run app\common\behavior\Common @module_init [ RunTime:0.001544s ]
[ info ] [ SESSION ] INIT array (
  'id' => '',
  'var_session_id' => '',
  'prefix' => 'think',
  'type' => '',
  'auto_start' => true,
)
[ info ] [ DB ] INIT mysql
[ info ] [ RUN ] app\admin\controller\Article->add[ /Applications/XAMPP/xamppfiles/htdocs/dashboard/fastadmin/application/admin/controller/Article.php ]
[ info ] [ VIEW ] /Applications/XAMPP/xamppfiles/htdocs/dashboard/fastadmin/public/../application/admin/view/article/add.html [ array (
  0 => 'breadcrumb',
  1 => 'site',
  2 => 'config',
  3 => 'auth',
  4 => 'admin',
) ]
[ info ] [ BEHAVIOR ] Run app\admin\behavior\AdminLog @app_end [ RunTime:0.000128s ]
[ info ] [ LOG ] INIT File
[ sql ] [ DB ] CONNECT:[ UseTime:0.000635s ] mysql:host=127.0.0.1;dbname=fastadmin;charset=utf8
[ sql ] [ SQL ] SHOW COLUMNS FROM `fa_auth_group_access` [ RunTime:0.003734s ]
[ sql ] [ SQL ] SELECT `aga`.`uid`,`aga`.`group_id`,`ag`.`id`,`ag`.`pid`,`ag`.`name`,`ag`.`rules` FROM `fa_auth_group_access` `aga` LEFT JOIN `fa_auth_group` `ag` ON `aga`.`group_id`=`ag`.`id` WHERE  (  aga.uid='3' and ag.status='normal' ) [ RunTime:0.000740s ]
[ sql ] [ SQL ] SHOW COLUMNS FROM `fa_auth_rule` [ RunTime:0.004109s ]
[ sql ] [ SQL ] SELECT `id`,`pid`,`condition`,`icon`,`name`,`title`,`ismenu` FROM `fa_auth_rule` WHERE  `status` = 'normal'  AND `id` IN (90,91,92,93,94,95,96,97,98,99,100,101) [ RunTime:0.000853s ]
---------------------------------------------------------------
[ 2019-01-23T00:43:54+08:00 ] 0.0.0.0 GET localhost/dashboard/fastadmin/public/admin/ajax/lang?callback=define&controllername=article&v=1548175434
[运行时间：0.031662s] [吞吐率：31.58req/s] [内存消耗：2,932.64kb] [文件加载：69]
[ info ] [ BEHAVIOR ] Run Closure @app_init [ RunTime:0.000017s ]
[ info ] [ CACHE ] INIT File
[ info ] [ BEHAVIOR ] Run Closure @app_init [ RunTime:0.000988s ]
[ info ] [ LANG ] /Applications/XAMPP/xamppfiles/htdocs/dashboard/fastadmin/thinkphp/lang/zh-cn.php
[ info ] [ ROUTE ] array (
  'type' => 'module',
  'module' => 
  array (
    0 => 'admin',
    1 => 'ajax',
    2 => 'lang',
  ),
)
[ info ] [ HEADER ] array (
  'host' => 'localhost',
  'connection' => 'keep-alive',
  'user-agent' => 'Mozilla/5.0 (Macintosh; Intel Mac OS X 10_13_2) AppleWebKit/537.36 (KHTML, like Gecko) Chrome/71.0.3578.98 Safari/537.36',
  'accept' => '*/*',
  'referer' => 'http://localhost/dashboard/fastadmin/public/admin/article/add?dialog=1',
  'accept-encoding' => 'gzip, deflate, br',
  'accept-language' => 'en,zh-CN;q=0.9,zh;q=0.8',
  'cookie' => 'PHPSESSID=imqv4j9b44fegrqt55g29i8ae3; Idea-baf31b5d=6084d129-02d8-43f9-a4e2-761fee7b6098; emVY7c_admin_username=admin; think_var=zh-cn; Hm_lvt_f8d0a8c400404989e195270b0bbf060a=1548135313; keeplogin=3%7C86400%7C1548226923%7C64e235bc7e87379b0b0bc35f483b305b; Hm_lpvt_f8d0a8c400404989e195270b0bbf060a=1548142656',
)
[ info ] [ PARAM ] array (
  'callback' => 'define',
  'controllername' => 'article',
  'v' => '1548175434',
)
[ info ] [ LANG ] /Applications/XAMPP/xamppfiles/htdocs/dashboard/fastadmin/public/../application/admin/lang/zh-cn.php
[ info ] [ BEHAVIOR ] Run app\common\behavior\Common @module_init [ RunTime:0.001262s ]
[ info ] [ SESSION ] INIT array (
  'id' => '',
  'var_session_id' => '',
  'prefix' => 'think',
  'type' => '',
  'auto_start' => true,
)
[ info ] [ LANG ] /Applications/XAMPP/xamppfiles/htdocs/dashboard/fastadmin/public/../application/admin/lang/zh-cn/ajax.php
[ info ] [ RUN ] app\admin\controller\Ajax->lang[ /Applications/XAMPP/xamppfiles/htdocs/dashboard/fastadmin/application/admin/controller/Ajax.php ]
[ info ] [ BEHAVIOR ] Run app\admin\behavior\AdminLog @app_end [ RunTime:0.000099s ]
[ info ] [ LOG ] INIT File
