---------------------------------------------------------------
[ 2019-01-25T00:01:50+08:00 ] 0.0.0.0 GET localhost/dashboard/fastadmin/public/admin/video/add?dialog=1
[运行时间：0.063589s] [吞吐率：15.73req/s] [内存消耗：3,992.97kb] [文件加载：82]
[ info ] [ BEHAVIOR ] Run Closure @app_init [ RunTime:0.000021s ]
[ info ] [ CACHE ] INIT File
[ info ] [ BEHAVIOR ] Run Closure @app_init [ RunTime:0.007129s ]
[ info ] [ LANG ] /Applications/XAMPP/xamppfiles/htdocs/dashboard/fastadmin/thinkphp/lang/zh-cn.php
[ info ] [ ROUTE ] array (
  'type' => 'module',
  'module' => 
  array (
    0 => 'admin',
    1 => 'video',
    2 => 'add',
  ),
)
[ info ] [ HEADER ] array (
  'host' => 'localhost',
  'connection' => 'keep-alive',
  'upgrade-insecure-requests' => '1',
  'user-agent' => 'Mozilla/5.0 (Macintosh; Intel Mac OS X 10_13_2) AppleWebKit/537.36 (KHTML, like Gecko) Chrome/71.0.3578.98 Safari/537.36',
  'accept' => 'text/html,application/xhtml+xml,application/xml;q=0.9,image/webp,image/apng,*/*;q=0.8',
  'referer' => 'http://localhost/dashboard/fastadmin/public/admin/video?addtabs=1',
  'accept-encoding' => 'gzip, deflate, br',
  'accept-language' => 'en,zh-CN;q=0.9,zh;q=0.8',
  'cookie' => 'PHPSESSID=imqv4j9b44fegrqt55g29i8ae3; Idea-baf31b5d=6084d129-02d8-43f9-a4e2-761fee7b6098; emVY7c_admin_username=admin; think_var=zh-cn; Hm_lvt_f8d0a8c400404989e195270b0bbf060a=1548135313; keeplogin=3%7C86400%7C1548226923%7C64e235bc7e87379b0b0bc35f483b305b; Hm_lpvt_f8d0a8c400404989e195270b0bbf060a=1548142656',
)
[ info ] [ PARAM ] array (
  'dialog' => '1',
)
[ info ] [ LANG ] /Applications/XAMPP/xamppfiles/htdocs/dashboard/fastadmin/public/../application/admin/lang/zh-cn.php
[ info ] [ BEHAVIOR ] Run app\common\behavior\Common @module_init [ RunTime:0.002131s ]
[ info ] [ SESSION ] INIT array (
  'id' => '',
  'var_session_id' => '',
  'prefix' => 'think',
  'type' => '',
  'auto_start' => true,
)
[ info ] [ DB ] INIT mysql
[ info ] [ RUN ] app\admin\controller\Video->add[ /Applications/XAMPP/xamppfiles/htdocs/dashboard/fastadmin/application/admin/controller/Video.php ]
[ info ] [ VIEW ] /Applications/XAMPP/xamppfiles/htdocs/dashboard/fastadmin/public/../application/admin/view/video/add.html [ array (
  0 => 'breadcrumb',
  1 => 'site',
  2 => 'config',
  3 => 'auth',
  4 => 'admin',
) ]
[ info ] [ LOG ] INIT File
[ sql ] [ DB ] CONNECT:[ UseTime:0.000460s ] mysql:host=127.0.0.1;dbname=fastadmin;charset=utf8
[ sql ] [ SQL ] SHOW COLUMNS FROM `fa_auth_group_access` [ RunTime:0.002754s ]
[ sql ] [ SQL ] SELECT `aga`.`uid`,`aga`.`group_id`,`ag`.`id`,`ag`.`pid`,`ag`.`name`,`ag`.`rules` FROM `fa_auth_group_access` `aga` LEFT JOIN `fa_auth_group` `ag` ON `aga`.`group_id`=`ag`.`id` WHERE  (  aga.uid='3' and ag.status='normal' ) [ RunTime:0.000686s ]
[ sql ] [ SQL ] SHOW COLUMNS FROM `fa_auth_rule` [ RunTime:0.003103s ]
[ sql ] [ SQL ] SELECT `id`,`pid`,`condition`,`icon`,`name`,`title`,`ismenu` FROM `fa_auth_rule` WHERE  `status` = 'normal'  AND `id` IN (90,91,92,93,94,95,96,97,98,99,100,101) [ RunTime:0.000597s ]
[ error ] [8]未定义变量: row[/Applications/XAMPP/xamppfiles/htdocs/dashboard/fastadmin/runtime/temp/425e0539f167488bc807aadfa1be13fa.php:60]
---------------------------------------------------------------
[ 2019-01-25T00:11:27+08:00 ] 0.0.0.0 POST localhost/dashboard/fastadmin/public/admin/article/getcontent
[运行时间：0.053631s] [吞吐率：18.65req/s] [内存消耗：3,505.61kb] [文件加载：75]
[ info ] [ BEHAVIOR ] Run Closure @app_init [ RunTime:0.000039s ]
[ info ] [ CACHE ] INIT File
[ info ] [ BEHAVIOR ] Run Closure @app_init [ RunTime:0.001123s ]
[ info ] [ LANG ] /Applications/XAMPP/xamppfiles/htdocs/dashboard/fastadmin/thinkphp/lang/zh-cn.php
[ info ] [ ROUTE ] array (
  'type' => 'module',
  'module' => 
  array (
    0 => 'admin',
    1 => 'article',
    2 => 'getcontent',
  ),
)
[ info ] [ HEADER ] array (
  'cache-control' => 'no-cache',
  'postman-token' => '4ca7c183-f336-4194-8413-87c12b82e6fd',
  'user-agent' => 'PostmanRuntime/7.6.0',
  'accept' => '*/*',
  'host' => 'localhost',
  'cookie' => 'PHPSESSID=4511nvufsak5jkbd7gj7e45ok2',
  'accept-encoding' => 'gzip, deflate',
  'content-type' => 'multipart/form-data; boundary=--------------------------237113091337117583427081',
  'content-length' => '158',
  'connection' => 'keep-alive',
)
[ info ] [ PARAM ] array (
  'id' => '8',
)
[ info ] [ LANG ] /Applications/XAMPP/xamppfiles/htdocs/dashboard/fastadmin/public/../application/admin/lang/zh-cn.php
[ info ] [ BEHAVIOR ] Run app\common\behavior\Common @module_init [ RunTime:0.001706s ]
[ info ] [ SESSION ] INIT array (
  'id' => '',
  'var_session_id' => '',
  'prefix' => 'think',
  'type' => '',
  'auto_start' => true,
)
[ info ] [ DB ] INIT mysql
[ info ] [ RUN ] app\admin\controller\Article->getContent[ /Applications/XAMPP/xamppfiles/htdocs/dashboard/fastadmin/application/admin/controller/Article.php ]
[ info ] [ BEHAVIOR ] Run app\admin\behavior\AdminLog @app_end [ RunTime:0.007924s ]
[ info ] [ LOG ] INIT File
[ sql ] [ DB ] CONNECT:[ UseTime:0.000636s ] mysql:host=127.0.0.1;dbname=fastadmin;charset=utf8
[ sql ] [ SQL ] SHOW COLUMNS FROM `fa_article` [ RunTime:0.005298s ]
[ sql ] [ SQL ] SELECT * FROM `fa_article` [ RunTime:0.000602s ]
[ sql ] [ SQL ] SHOW COLUMNS FROM `fa_admin_log` [ RunTime:0.004837s ]
[ sql ] [ SQL ] INSERT INTO `fa_admin_log` (`title` , `content` , `url` , `admin_id` , `username` , `useragent` , `ip` , `createtime`) VALUES ('' , '{\"id\":\"8\"}' , '/dashboard/fastadmin/public/admin/article/getcontent' , 0 , 'Unknown' , 'PostmanRuntime/7.6.0' , '0.0.0.0' , 1548346287) [ RunTime:0.001941s ]
