---------------------------------------------------------------
[ 2019-05-29T21:26:53+08:00 ] 0.0.0.0 POST localhost/dashboard/nineteencongress/public/admin/article/test
[运行时间：0.057879s] [吞吐率：17.28req/s] [内存消耗：3,470.47kb] [文件加载：76]
[ info ] [ BEHAVIOR ] Run Closure @app_init [ RunTime:0.000041s ]
[ info ] [ CACHE ] INIT File
[ info ] [ BEHAVIOR ] Run Closure @app_init [ RunTime:0.001698s ]
[ info ] [ LANG ] /Applications/XAMPP/xamppfiles/htdocs/dashboard/nineteencongress/thinkphp/lang/zh-cn.php
[ info ] [ ROUTE ] array (
  'type' => 'module',
  'module' => 
  array (
    0 => 'admin',
    1 => 'article',
    2 => 'test',
  ),
)
[ info ] [ HEADER ] array (
  'user-agent' => 'PostmanRuntime/7.11.0',
  'accept' => '*/*',
  'cache-control' => 'no-cache',
  'postman-token' => '0b29c271-1c83-43e0-b55b-119bd925765e',
  'host' => 'localhost',
  'cookie' => 'PHPSESSID=qmh4p3isrp3mujk7hs187ld405',
  'accept-encoding' => 'gzip, deflate',
  'content-length' => '0',
  'connection' => 'keep-alive',
)
[ info ] [ PARAM ] array (
)
[ info ] [ LANG ] /Applications/XAMPP/xamppfiles/htdocs/dashboard/nineteencongress/public/../application/admin/lang/zh-cn.php
[ info ] [ BEHAVIOR ] Run app\common\behavior\Common @module_init [ RunTime:0.002608s ]
[ info ] [ SESSION ] INIT array (
  'id' => '',
  'var_session_id' => '',
  'prefix' => 'think',
  'type' => '',
  'auto_start' => true,
)
[ info ] [ DB ] INIT mysql
[ info ] [ RUN ] app\admin\controller\Article->test[ /Applications/XAMPP/xamppfiles/htdocs/dashboard/nineteencongress/application/admin/controller/Article.php ]
[ info ] [ LOG ] INIT File
[ error ] [1045]SQLSTATE[HY000] [1045] Access denied for user 'root'@'localhost' (using password: YES)[/Applications/XAMPP/xamppfiles/htdocs/dashboard/nineteencongress/thinkphp/library/think/db/Connection.php:295]
---------------------------------------------------------------
[ 2019-05-29T21:31:40+08:00 ] 0.0.0.0 POST localhost/dashboard/nineteencongress/public/admin/article/test
[运行时间：0.091394s] [吞吐率：10.94req/s] [内存消耗：3,470.45kb] [文件加载：76]
[ info ] [ BEHAVIOR ] Run Closure @app_init [ RunTime:0.000060s ]
[ info ] [ CACHE ] INIT File
[ info ] [ BEHAVIOR ] Run Closure @app_init [ RunTime:0.002038s ]
[ info ] [ LANG ] /Applications/XAMPP/xamppfiles/htdocs/dashboard/nineteencongress/thinkphp/lang/zh-cn.php
[ info ] [ ROUTE ] array (
  'type' => 'module',
  'module' => 
  array (
    0 => 'admin',
    1 => 'article',
    2 => 'test',
  ),
)
[ info ] [ HEADER ] array (
  'user-agent' => 'PostmanRuntime/7.11.0',
  'accept' => '*/*',
  'cache-control' => 'no-cache',
  'postman-token' => '7ce3819d-2a74-4867-b457-6e5640932bd7',
  'host' => 'localhost',
  'cookie' => 'PHPSESSID=qmh4p3isrp3mujk7hs187ld405',
  'accept-encoding' => 'gzip, deflate',
  'content-length' => '0',
  'connection' => 'keep-alive',
)
[ info ] [ PARAM ] array (
)
[ info ] [ LANG ] /Applications/XAMPP/xamppfiles/htdocs/dashboard/nineteencongress/public/../application/admin/lang/zh-cn.php
[ info ] [ BEHAVIOR ] Run app\common\behavior\Common @module_init [ RunTime:0.003737s ]
[ info ] [ SESSION ] INIT array (
  'id' => '',
  'var_session_id' => '',
  'prefix' => 'think',
  'type' => '',
  'auto_start' => true,
)
[ info ] [ DB ] INIT mysql
[ info ] [ RUN ] app\admin\controller\Article->test[ /Applications/XAMPP/xamppfiles/htdocs/dashboard/nineteencongress/application/admin/controller/Article.php ]
[ info ] [ LOG ] INIT File
[ error ] [1045]SQLSTATE[HY000] [1045] Access denied for user 'root'@'localhost' (using password: YES)[/Applications/XAMPP/xamppfiles/htdocs/dashboard/nineteencongress/thinkphp/library/think/db/Connection.php:295]
---------------------------------------------------------------
[ 2019-05-29T21:33:09+08:00 ] 0.0.0.0 POST localhost/dashboard/nineteencongress/public/admin/article/test
[运行时间：0.135737s] [吞吐率：7.37req/s] [内存消耗：3,610.88kb] [文件加载：78]
[ info ] [ BEHAVIOR ] Run Closure @app_init [ RunTime:0.000574s ]
[ info ] [ CACHE ] INIT File
[ info ] [ BEHAVIOR ] Run Closure @app_init [ RunTime:0.001939s ]
[ info ] [ LANG ] /Applications/XAMPP/xamppfiles/htdocs/dashboard/nineteencongress/thinkphp/lang/zh-cn.php
[ info ] [ ROUTE ] array (
  'type' => 'module',
  'module' => 
  array (
    0 => 'admin',
    1 => 'article',
    2 => 'test',
  ),
)
[ info ] [ HEADER ] array (
  'user-agent' => 'PostmanRuntime/7.11.0',
  'accept' => '*/*',
  'cache-control' => 'no-cache',
  'postman-token' => '6237bbbf-e7b7-4489-9951-d35124da65c5',
  'host' => 'localhost',
  'cookie' => 'PHPSESSID=qmh4p3isrp3mujk7hs187ld405',
  'accept-encoding' => 'gzip, deflate',
  'content-length' => '0',
  'connection' => 'keep-alive',
)
[ info ] [ PARAM ] array (
)
[ info ] [ LANG ] /Applications/XAMPP/xamppfiles/htdocs/dashboard/nineteencongress/public/../application/admin/lang/zh-cn.php
[ info ] [ BEHAVIOR ] Run app\common\behavior\Common @module_init [ RunTime:0.002317s ]
[ info ] [ SESSION ] INIT array (
  'id' => '',
  'var_session_id' => '',
  'prefix' => 'think',
  'type' => '',
  'auto_start' => true,
)
[ info ] [ DB ] INIT mysql
[ info ] [ RUN ] app\admin\controller\Article->test[ /Applications/XAMPP/xamppfiles/htdocs/dashboard/nineteencongress/application/admin/controller/Article.php ]
[ info ] [ BEHAVIOR ] Run app\admin\behavior\AdminLog @app_end [ RunTime:0.011639s ]
[ info ] [ LOG ] INIT File
[ sql ] [ DB ] CONNECT:[ UseTime:0.001127s ] mysql:host=127.0.0.1;dbname=fastadmin;charset=utf8
[ sql ] [ SQL ] SHOW COLUMNS FROM `fa_article` [ RunTime:0.021286s ]
[ sql ] [ SQL ] SELECT * FROM `fa_article` WHERE  `id` = 25 LIMIT 1 [ RunTime:0.004057s ]
[ sql ] [ SQL ] SHOW COLUMNS FROM `fa_admin_log` [ RunTime:0.004194s ]
[ sql ] [ SQL ] INSERT INTO `fa_admin_log` (`title` , `content` , `url` , `admin_id` , `username` , `useragent` , `ip` , `createtime`) VALUES ('' , '[]' , '/dashboard/nineteencongress/public/admin/article/test' , 0 , 'Unknown' , 'PostmanRuntime/7.11.0' , '0.0.0.0' , 1559136789) [ RunTime:0.004943s ]
[ error ] [0]variable type error： array[/Applications/XAMPP/xamppfiles/htdocs/dashboard/nineteencongress/thinkphp/library/think/Response.php:316]
---------------------------------------------------------------
[ 2019-05-29T21:33:43+08:00 ] 0.0.0.0 POST localhost/dashboard/nineteencongress/public/admin/article/test
[运行时间：0.107540s] [吞吐率：9.30req/s] [内存消耗：3,610.87kb] [文件加载：78]
[ info ] [ BEHAVIOR ] Run Closure @app_init [ RunTime:0.000722s ]
[ info ] [ CACHE ] INIT File
[ info ] [ BEHAVIOR ] Run Closure @app_init [ RunTime:0.001854s ]
[ info ] [ LANG ] /Applications/XAMPP/xamppfiles/htdocs/dashboard/nineteencongress/thinkphp/lang/zh-cn.php
[ info ] [ ROUTE ] array (
  'type' => 'module',
  'module' => 
  array (
    0 => 'admin',
    1 => 'article',
    2 => 'test',
  ),
)
[ info ] [ HEADER ] array (
  'user-agent' => 'PostmanRuntime/7.11.0',
  'accept' => '*/*',
  'cache-control' => 'no-cache',
  'postman-token' => 'e1a22162-611c-46f2-9648-02dd41944d69',
  'host' => 'localhost',
  'cookie' => 'PHPSESSID=qmh4p3isrp3mujk7hs187ld405',
  'accept-encoding' => 'gzip, deflate',
  'content-length' => '0',
  'connection' => 'keep-alive',
)
[ info ] [ PARAM ] array (
)
[ info ] [ LANG ] /Applications/XAMPP/xamppfiles/htdocs/dashboard/nineteencongress/public/../application/admin/lang/zh-cn.php
[ info ] [ BEHAVIOR ] Run app\common\behavior\Common @module_init [ RunTime:0.003562s ]
[ info ] [ SESSION ] INIT array (
  'id' => '',
  'var_session_id' => '',
  'prefix' => 'think',
  'type' => '',
  'auto_start' => true,
)
[ info ] [ DB ] INIT mysql
[ info ] [ RUN ] app\admin\controller\Article->test[ /Applications/XAMPP/xamppfiles/htdocs/dashboard/nineteencongress/application/admin/controller/Article.php ]
[ info ] [ BEHAVIOR ] Run app\admin\behavior\AdminLog @app_end [ RunTime:0.006065s ]
[ info ] [ LOG ] INIT File
[ sql ] [ DB ] CONNECT:[ UseTime:0.001126s ] mysql:host=127.0.0.1;dbname=fastadmin;charset=utf8
[ sql ] [ SQL ] SHOW COLUMNS FROM `fa_article` [ RunTime:0.003254s ]
[ sql ] [ SQL ] SELECT * FROM `fa_article` WHERE  `id` = 25 LIMIT 1 [ RunTime:0.000473s ]
[ sql ] [ SQL ] SHOW COLUMNS FROM `fa_admin_log` [ RunTime:0.004105s ]
[ sql ] [ SQL ] INSERT INTO `fa_admin_log` (`title` , `content` , `url` , `admin_id` , `username` , `useragent` , `ip` , `createtime`) VALUES ('' , '[]' , '/dashboard/nineteencongress/public/admin/article/test' , 0 , 'Unknown' , 'PostmanRuntime/7.11.0' , '0.0.0.0' , 1559136823) [ RunTime:0.001240s ]
[ error ] [0]variable type error： array[/Applications/XAMPP/xamppfiles/htdocs/dashboard/nineteencongress/thinkphp/library/think/Response.php:316]
---------------------------------------------------------------
[ 2019-05-29T21:34:53+08:00 ] 0.0.0.0 POST localhost/dashboard/nineteencongress/public/admin/article/test
[运行时间：0.038003s] [吞吐率：26.31req/s] [内存消耗：3,507.13kb] [文件加载：76]
[ info ] [ BEHAVIOR ] Run Closure @app_init [ RunTime:0.000020s ]
[ info ] [ CACHE ] INIT File
[ info ] [ BEHAVIOR ] Run Closure @app_init [ RunTime:0.001161s ]
[ info ] [ LANG ] /Applications/XAMPP/xamppfiles/htdocs/dashboard/nineteencongress/thinkphp/lang/zh-cn.php
[ info ] [ ROUTE ] array (
  'type' => 'module',
  'module' => 
  array (
    0 => 'admin',
    1 => 'article',
    2 => 'test',
  ),
)
[ info ] [ HEADER ] array (
  'user-agent' => 'PostmanRuntime/7.11.0',
  'accept' => '*/*',
  'cache-control' => 'no-cache',
  'postman-token' => 'b07ebc52-0086-4c32-8953-a610154d07ec',
  'host' => 'localhost',
  'cookie' => 'PHPSESSID=qmh4p3isrp3mujk7hs187ld405',
  'accept-encoding' => 'gzip, deflate',
  'content-length' => '0',
  'connection' => 'keep-alive',
)
[ info ] [ PARAM ] array (
)
[ info ] [ LANG ] /Applications/XAMPP/xamppfiles/htdocs/dashboard/nineteencongress/public/../application/admin/lang/zh-cn.php
[ info ] [ BEHAVIOR ] Run app\common\behavior\Common @module_init [ RunTime:0.001687s ]
[ info ] [ SESSION ] INIT array (
  'id' => '',
  'var_session_id' => '',
  'prefix' => 'think',
  'type' => '',
  'auto_start' => true,
)
[ info ] [ DB ] INIT mysql
[ info ] [ RUN ] app\admin\controller\Article->test[ /Applications/XAMPP/xamppfiles/htdocs/dashboard/nineteencongress/application/admin/controller/Article.php ]
[ info ] [ BEHAVIOR ] Run app\admin\behavior\AdminLog @app_end [ RunTime:0.003828s ]
[ info ] [ LOG ] INIT File
[ sql ] [ DB ] CONNECT:[ UseTime:0.000519s ] mysql:host=127.0.0.1;dbname=fastadmin;charset=utf8
[ sql ] [ SQL ] SHOW COLUMNS FROM `fa_article` [ RunTime:0.002226s ]
[ sql ] [ SQL ] SELECT * FROM `fa_article` WHERE  `id` = 25 LIMIT 1 [ RunTime:0.000383s ]
[ sql ] [ SQL ] SHOW COLUMNS FROM `fa_admin_log` [ RunTime:0.002425s ]
[ sql ] [ SQL ] INSERT INTO `fa_admin_log` (`title` , `content` , `url` , `admin_id` , `username` , `useragent` , `ip` , `createtime`) VALUES ('' , '[]' , '/dashboard/nineteencongress/public/admin/article/test' , 0 , 'Unknown' , 'PostmanRuntime/7.11.0' , '0.0.0.0' , 1559136893) [ RunTime:0.000844s ]
---------------------------------------------------------------
[ 2019-05-29T21:35:08+08:00 ] 0.0.0.0 POST localhost/dashboard/nineteencongress/public/admin/article/test
[运行时间：0.064029s] [吞吐率：15.62req/s] [内存消耗：3,507.34kb] [文件加载：76]
[ info ] [ BEHAVIOR ] Run Closure @app_init [ RunTime:0.000028s ]
[ info ] [ CACHE ] INIT File
[ info ] [ BEHAVIOR ] Run Closure @app_init [ RunTime:0.001418s ]
[ info ] [ LANG ] /Applications/XAMPP/xamppfiles/htdocs/dashboard/nineteencongress/thinkphp/lang/zh-cn.php
[ info ] [ ROUTE ] array (
  'type' => 'module',
  'module' => 
  array (
    0 => 'admin',
    1 => 'article',
    2 => 'test',
  ),
)
[ info ] [ HEADER ] array (
  'user-agent' => 'PostmanRuntime/7.11.0',
  'accept' => '*/*',
  'cache-control' => 'no-cache',
  'postman-token' => '50878cfb-e6ea-40b4-b14a-626b321d9879',
  'host' => 'localhost',
  'cookie' => 'PHPSESSID=qmh4p3isrp3mujk7hs187ld405',
  'accept-encoding' => 'gzip, deflate',
  'content-length' => '0',
  'connection' => 'keep-alive',
)
[ info ] [ PARAM ] array (
)
[ info ] [ LANG ] /Applications/XAMPP/xamppfiles/htdocs/dashboard/nineteencongress/public/../application/admin/lang/zh-cn.php
[ info ] [ BEHAVIOR ] Run app\common\behavior\Common @module_init [ RunTime:0.003224s ]
[ info ] [ SESSION ] INIT array (
  'id' => '',
  'var_session_id' => '',
  'prefix' => 'think',
  'type' => '',
  'auto_start' => true,
)
[ info ] [ DB ] INIT mysql
[ info ] [ RUN ] app\admin\controller\Article->test[ /Applications/XAMPP/xamppfiles/htdocs/dashboard/nineteencongress/application/admin/controller/Article.php ]
[ info ] [ BEHAVIOR ] Run app\admin\behavior\AdminLog @app_end [ RunTime:0.005286s ]
[ info ] [ LOG ] INIT File
[ sql ] [ DB ] CONNECT:[ UseTime:0.000490s ] mysql:host=127.0.0.1;dbname=fastadmin;charset=utf8
[ sql ] [ SQL ] SHOW COLUMNS FROM `fa_article` [ RunTime:0.002562s ]
[ sql ] [ SQL ] SELECT * FROM `fa_article` WHERE  `id` = 25 LIMIT 1 [ RunTime:0.000424s ]
[ sql ] [ SQL ] SHOW COLUMNS FROM `fa_admin_log` [ RunTime:0.002672s ]
[ sql ] [ SQL ] INSERT INTO `fa_admin_log` (`title` , `content` , `url` , `admin_id` , `username` , `useragent` , `ip` , `createtime`) VALUES ('' , '[]' , '/dashboard/nineteencongress/public/admin/article/test' , 0 , 'Unknown' , 'PostmanRuntime/7.11.0' , '0.0.0.0' , 1559136908) [ RunTime:0.001330s ]
